================================================================================
 DETAILED CHEMISTRY DIAGNOSTIC
================================================================================

Parameters:
  Ne: 3.30e+09 cm^-3
  E field: 50 V/cm

Running simulation to t=100s...

================================================================================
 PART 1: ALL SPECIES DENSITIES (t=100s)
================================================================================

Species              Density (cm^-3)        Fraction
--------------------------------------------------------------------------------
Ar                        8.2110e+15      8.3344e-01
CH4                       1.4490e+15      1.4708e-01
H2                        8.4293e+13      8.5559e-03
CH3                       3.9152e+13      3.9740e-03
H                         3.4456e+13      3.4974e-03
C2H6                      1.6908e+13      1.7162e-03
C2H2                      1.0375e+13      1.0531e-03
CH2                       2.5027e+12      2.5403e-04
C2H5                      1.9919e+12      2.0218e-04
C2H4                      9.7739e+11      9.9208e-05
C2                        7.3089e+11      7.4187e-05
C                         2.1404e+11      2.1726e-05
C3H6                      1.0836e+11      1.0999e-05
C2H3                      8.0949e+10      8.2165e-06
C3H2                      4.7409e+10      4.8121e-06
CH                        4.5906e+10      4.6596e-06
C3                        3.0187e+10      3.0641e-06
C3H                       2.6392e+10      2.6788e-06
C2H                       1.1920e+10      1.2099e-06
C3H5                      9.1441e+09      9.2814e-07
e                         3.3000e+09      3.3496e-07
C3H4                      2.3786e+09      2.4143e-07
ArStar                    7.2334e+08      7.3421e-08
CH5Plus                   4.7499e+08      4.8213e-08
C2H2Star                  4.5027e+08      4.5704e-08
CH4Plus                   3.2970e+08      3.3465e-08
C2H5Plus                  2.1850e+08      2.2178e-08
C3H3                      2.0645e+08      2.0955e-08
HMinus                    1.9319e+08      1.9610e-08
ArPlus                    1.4201e+08      1.4414e-08
C4H                       1.2091e+08      1.2273e-08
ArHPlus                   9.5849e+07      9.7289e-09
CH3Plus                   8.2697e+07      8.3939e-09
C4H2                      6.7309e+07      6.8320e-09
C2HPlus                   4.8778e+05      4.9511e-11
CH2Plus                   3.7632e+05      3.8198e-11
CH3Minus                  1.9233e+05      1.9522e-11
C2H4Plus                  7.0251e+04      7.1307e-12
C2H3Plus                  4.6834e+04      4.7538e-12
H3Plus                   -5.6056e+01     -5.6898e-15
CHPlus                   -5.6056e+01     -5.6898e-15

================================================================================
 PART 2: REACTION RATES (cm^-3 s^-1)
================================================================================

Top 20 fastest reactions:
#     Reaction Tag                                       Rate (cm^-3 s^-1)
--------------------------------------------------------------------------------
    1 loss_Ar_11_7                                            1.6422e+19
    2 loss_CH4_11_6                                           2.1735e+18
    3 H_CH4_CH3_H2_cm3_7_25                                   2.9956e+17
    4 loss_H2_11_2                                            2.9502e+17
    5 stick_CH3_9_2                                           1.3742e+17
    6 stick_H2_9_16                                           5.2683e+16
    7 loss_CH3_11_21                                          4.6983e+16
    8 CH3_CH3_CH2_CH4_cm3_7_38                                1.8395e+16
    9 CH3_CH3_C2H6_cm3_7_40                                   1.5329e+16
   10 CH3_CH3_C2H2_H2_H2_cm3_7_49                             1.5329e+16
   11 stick_H_9_1                                             1.3403e+16
   12 loss_C2H2_11_19                                         1.0375e+16
   13 loss_CH2_11_1                                           9.0846e+15
   14 loss_C2H6_11_5                                          8.4542e+15
   15 CH3_H_CH2_H2_cm3_7_36                                   8.0942e+15
   16 CH3_CH2_C2H5_cm3_7_14                                   7.8388e+15
   17 stick_C2H6_9_14                                         6.7633e+15
   18 stick_C2H2_9_11                                         5.1874e+15
   19 stick_CH2_9_13                                          5.0053e+15
   20 stick_C2H5_9_17                                         3.9838e+15

================================================================================
 PART 3: H PRODUCTION AND LOSS ANALYSIS
================================================================================

Current H density: 3.4456e+13 cm^-3
Total production rate: 5.3217e+15 cm^-3 s^-1
Total loss rate:       3.2532e+17 cm^-3 s^-1
Net rate:              -3.2000e+17 cm^-3 s^-1
Lifetime (dens/loss):  1.0591e-04 seconds

Top H production pathways:
#     Reaction                                           Rate (cm^-3 s^-1) % of Total
------------------------------------------------------------------------------------------
    1 CH2_CH3_C2H2_H_H2_cm3_7_62                              1.1758e+15      22.09%
    2 C_CH3_C2_H2_H_cm3_7_8                                   1.0056e+15      18.90%
    3 CH_CH4_C2H4_H_cm3_7_20                                  7.9822e+14      15.00%
    4 ArStar_CH4_CH3_H_cm3_3_1                                5.2406e+14       9.85%
    5 CH_CH4_C2H4_H_cm3_7_59                                  3.9911e+14       7.50%
    6 e_CH4_CH3_H_cm3_1_1                                     2.8690e+14       5.39%
    7 ArPlus_CH4_CH3Plus_H_cm3_5_1                            1.8519e+14       3.48%
    8 CH_CH3_C2H3_H_cm3_7_10                                  1.4379e+14       2.70%
    9 e_CH4_CH_H2_H_vib_cm3_1_3                               1.4345e+14       2.70%
   10 e_CH4_CH_H_H2_cm3_1_11                                  9.5634e+13       1.80%
   11 CH_C2H6_C3H6_H_cm3_7_37                                 9.3144e+13       1.75%
   12 CH2_C2H5_C2H2_CH3_H_cm3_7_63                            5.9820e+13       1.12%
   13 e_CH4_CH3Plus_H_cm3_2_1                                 4.7817e+13       0.90%
   14 CH_C2H2_C3H2_H_cm3_7_22                                 4.7627e+13       0.89%
   15 C2H2_CH_C3_H2_H_cm3_7_56                                4.7627e+13       0.89%

Top H loss pathways:
#     Reaction                                           Rate (cm^-3 s^-1) % of Total
------------------------------------------------------------------------------------------
    1 H_CH4_CH3_H2_cm3_7_25                                   2.9956e+17      92.08%
    2 stick_H_9_1                                             1.3403e+16       4.12%
    3 CH3_H_CH2_H2_cm3_7_36                                   8.0942e+15       2.49%
    4 C2_H_CH_C_cm3_7_6                                       2.4176e+15       0.74%
    5 CH2_H_CH_H2_cm3_7_1                                     8.6232e+14       0.27%
    6 C_H_CH_cm3_7_12                                         5.9000e+14       0.18%
    7 CH_H_C_H2_cm3_7_3                                       1.8981e+14       0.06%
    8 CH_H_CH2_cm3_7_21                                       1.5818e+14       0.05%
    9 C2H_H_C2_H2_cm3_7_47                                    4.1071e+13       0.01%
   10 ArStar_H_ArHPlus_e_cm3_3_6                              1.2462e+12       0.00%
   11 ArStar_H_ArPlus_HMinus_cm3_4_6                          9.9695e+11       0.00%
   12 H_H_M_H2_M_cm6_8_1                                      1.8996e-05       0.00%

================================================================================
 PART 3: CH PRODUCTION AND LOSS ANALYSIS
================================================================================

Current CH density: 4.5906e+10 cm^-3
Total production rate: 4.1097e+15 cm^-3 s^-1
Total loss rate:       4.1097e+15 cm^-3 s^-1
Net rate:              1.0000e+00 cm^-3 s^-1
Lifetime (dens/loss):  1.1170e-05 seconds

Top CH production pathways:
#     Reaction                                           Rate (cm^-3 s^-1) % of Total
------------------------------------------------------------------------------------------
    1 C2_H_CH_C_cm3_7_6                                       2.4176e+15      58.83%
    2 CH2_H_CH_H2_cm3_7_1                                     8.6232e+14      20.98%
    3 C_H_CH_cm3_7_12                                         5.9000e+14      14.36%
    4 e_CH4_CH_H2_H_vib_cm3_1_3                               1.4345e+14       3.49%
    5 e_CH4_CH_H_H2_cm3_1_11                                  9.5634e+13       2.33%
    6 e_CH4Plus_CH_H2_H_cm3_6_11                              5.2224e+11       0.01%
    7 ArStar_CH2_CH_H_cm3_3_4                                 1.4482e+11       0.00%
    8 ArStar_CH2_ArPlus_CH_H_e_cm3_4_7                        3.6206e+10       0.00%

Top CH loss pathways:
#     Reaction                                           Rate (cm^-3 s^-1) % of Total
------------------------------------------------------------------------------------------
    1 CH_CH4_C2H4_H_cm3_7_20                                  7.9822e+14      19.42%
    2 CH_CH4_CH2_CH3_cm3_7_39                                 6.6518e+14      16.19%
    3 loss_CH_11_9                                            4.5906e+14      11.17%
    4 CH_CH4_C2H4_H_cm3_7_59                                  3.9911e+14       9.71%
    5 stick_CH_9_3                                            2.8691e+14       6.98%
    6 CH3_CH_C2H2_H2_cm3_7_16                                 2.1568e+14       5.25%
    7 CH_H_C_H2_cm3_7_3                                       1.8981e+14       4.62%
    8 CH_CH3_C2H2_H2_cm3_7_23                                 1.7973e+14       4.37%
    9 CH_H_CH2_cm3_7_21                                       1.5818e+14       3.85%
   10 CH_CH3_C2H4_cm3_7_5                                     1.4379e+14       3.50%
   11 CH_CH3_C2H3_H_cm3_7_10                                  1.4379e+14       3.50%
   12 CH_C2H6_C3H6_H_cm3_7_37                                 9.3144e+13       2.27%
   13 CH_C2H2_C3H2_H_cm3_7_22                                 4.7627e+13       1.16%
   14 CH_C2H2_C3H_H2_cm3_7_27                                 4.7627e+13       1.16%
   15 CH_C2H2_C2H_CH2_cm3_7_29                                4.7627e+13       1.16%

================================================================================
 PART 3: C2 PRODUCTION AND LOSS ANALYSIS
================================================================================

Current C2 density: 7.3089e+11 cm^-3
Total production rate: 3.9227e+15 cm^-3 s^-1
Total loss rate:       3.9227e+15 cm^-3 s^-1
Net rate:              0.0000e+00 cm^-3 s^-1
Lifetime (dens/loss):  1.8632e-04 seconds

Top C2 production pathways:
#     Reaction                                           Rate (cm^-3 s^-1) % of Total
------------------------------------------------------------------------------------------
    1 C2H2_H_C2_H2_H_cm3_7_50                                 3.5748e+15      91.13%
    2 C2H2_C_C2_CH2_cm3_7_19                                  2.2206e+14       5.66%
    3 CH2_CH2_C2_H2_H2_cm3_7_58                               6.2633e+13       1.60%
    4 C2H_H_C2_H2_cm3_7_47                                    4.1071e+13       1.05%
    5 CH2_CH_C2_H2_H_cm3_7_26                                 1.3787e+13       0.35%
    6 C_C2H3_C2_CH3_cm3_7_54                                  1.7326e+12       0.04%
    7 e_C2H2_C2_H2_cm3_1_16                                   1.7118e+12       0.04%
    8 C_CH_C2_H_cm3_7_4                                       1.1791e+12       0.03%
    9 CH_C_C2_H_cm3_7_9                                       1.1791e+12       0.03%
   10 CH_C_C2_H2_cm3_7_24                                     9.8258e+11       0.03%
   11 CH_C_C2_H_cm3_7_43                                      9.8258e+11       0.03%
   12 CH_CH_C2_H2_cm3_5_4                                     3.7933e+11       0.01%
   13 CH_CH_C2_H2_cm3_7_44                                    2.1074e+11       0.01%
   14 C2HPlus_e_C2_H_cm3_6_18                                 4.6680e+08       0.00%

Top C2 loss pathways:
#     Reaction                                           Rate (cm^-3 s^-1) % of Total
------------------------------------------------------------------------------------------
    1 C2_H_CH_C_cm3_7_6                                       2.4176e+15      61.63%
    2 stick_C2_9_9                                            9.1361e+14      23.29%
    3 loss_C2_11_3                                            5.8471e+14      14.91%
    4 CH_C2_C3_H_cm3_7_33                                     3.3552e+12       0.09%
    5 C2_CH_C3_H_cm3_7_52                                     3.3552e+12       0.09%

================================================================================
 SUMMARY
================================================================================

Species            Current          Target      Ratio
------------------------------------------------------------
H               3.4456e+13      5.1800e+13       0.67x
CH              4.5906e+10      1.0000e+09      45.91x
C2              7.3089e+11      1.3000e+11       5.62x

================================================================================
