================================================================================
 CONSTRAINED OPTIMIZATION TO MATCH TARGETS
================================================================================

Selecting tunable rates...
  Selected 30 key rates

Selected rates for optimization:
--------------------------------------------------------------------------------
 1. loss_C2_11_3                             [1.00e-04, 2.00e+03] (20000000.0x)
 2. loss_C2H2Star_11_25                      [1.00e+02, 1.00e+04] (100.0x)
 3. loss_C3H4_11_18                          [1.00e+02, 1.50e+03] (15.0x)
 4. loss_C3_11_14                            [1.00e+02, 1.00e+03] (10.0x)
 5. loss_C4H_11_15                           [1.00e+02, 1.00e+03] (10.0x)
 6. loss_C3H_11_10                           [1.00e+02, 1.00e+03] (10.0x)
 7. loss_C2H_11_12                           [1.00e+02, 1.00e+03] (10.0x)
 8. ArStar_CH4_CH3_H_cm3_3_1                 [5.00e-11, 5.00e-10] (10.0x)
 9. loss_C4H2_11_11                          [1.00e+02, 1.00e+03] (10.0x)
10. loss_CH_11_9                             [1.00e+03, 1.00e+04] (10.0x)
    ... and 20 more

 Optimization parameters:
  Tunable rates: 30
  E field: [10, 200] V/cm
  Total parameters: 31

 Targets:
  H:  5.18e+13 cm^-3
  CH: 1.00e+09 cm^-3  (currently 46x too high - heavily weighted)
  C2: 1.30e+11 cm^-3

================================================================================
 Running Differential Evolution Optimization
================================================================================

This may take 10-30 minutes...
Progress will be shown as optimization runs.

  [10 evaluations, 0.1 min elapsed]
  [20 evaluations, 0.1 min elapsed]
  [30 evaluations, 0.2 min elapsed]
  [40 evaluations, 0.2 min elapsed]
  [50 evaluations, 0.3 min elapsed]
  [60 evaluations, 0.4 min elapsed]
  [70 evaluations, 0.4 min elapsed]
  [80 evaluations, 0.5 min elapsed]
  [90 evaluations, 0.5 min elapsed]
  [100 evaluations, 0.6 min elapsed]
  [110 evaluations, 0.6 min elapsed]
  [120 evaluations, 0.7 min elapsed]
  [130 evaluations, 0.8 min elapsed]
  [140 evaluations, 0.8 min elapsed]
  [150 evaluations, 0.9 min elapsed]
  [160 evaluations, 0.9 min elapsed]
  [170 evaluations, 1.0 min elapsed]
  [180 evaluations, 1.1 min elapsed]
  [190 evaluations, 1.1 min elapsed]
  [200 evaluations, 1.2 min elapsed]
  [210 evaluations, 1.2 min elapsed]
  [220 evaluations, 1.3 min elapsed]
  [230 evaluations, 1.3 min elapsed]
  [240 evaluations, 1.4 min elapsed]
  [250 evaluations, 1.5 min elapsed]
  [260 evaluations, 1.5 min elapsed]
  [270 evaluations, 1.6 min elapsed]
  [280 evaluations, 1.7 min elapsed]
  [290 evaluations, 1.7 min elapsed]
  [300 evaluations, 1.8 min elapsed]
  [310 evaluations, 1.8 min elapsed]
  [320 evaluations, 1.9 min elapsed]
  [330 evaluations, 1.9 min elapsed]
  [340 evaluations, 2.0 min elapsed]
  [350 evaluations, 2.1 min elapsed]
  [360 evaluations, 2.1 min elapsed]
  [370 evaluations, 2.2 min elapsed]
  [380 evaluations, 2.3 min elapsed]
  [390 evaluations, 2.3 min elapsed]
  [400 evaluations, 2.4 min elapsed]
  [410 evaluations, 2.4 min elapsed]
  [420 evaluations, 2.5 min elapsed]
  [430 evaluations, 2.6 min elapsed]
  [440 evaluations, 2.6 min elapsed]
  [450 evaluations, 2.7 min elapsed]
  [460 evaluations, 2.7 min elapsed]
  [470 evaluations, 2.8 min elapsed]
  [480 evaluations, 2.9 min elapsed]
  [490 evaluations, 2.9 min elapsed]
differential_evolution step 1: f(x)= 2399.5262713133448
  [500 evaluations, 3.0 min elapsed]
  [510 evaluations, 3.0 min elapsed]
  [520 evaluations, 3.1 min elapsed]
  [530 evaluations, 3.2 min elapsed]
  [540 evaluations, 3.2 min elapsed]
  [550 evaluations, 3.3 min elapsed]
  [560 evaluations, 3.3 min elapsed]
  [570 evaluations, 3.4 min elapsed]
  [580 evaluations, 3.5 min elapsed]
  [590 evaluations, 3.5 min elapsed]
  [600 evaluations, 3.6 min elapsed]
  [610 evaluations, 3.7 min elapsed]
  [620 evaluations, 3.7 min elapsed]
  [630 evaluations, 3.8 min elapsed]
  [640 evaluations, 3.8 min elapsed]
  [650 evaluations, 3.9 min elapsed]
  [660 evaluations, 4.0 min elapsed]
  [670 evaluations, 4.0 min elapsed]
  [680 evaluations, 4.1 min elapsed]
  [690 evaluations, 4.1 min elapsed]
  [700 evaluations, 4.2 min elapsed]
  [710 evaluations, 4.3 min elapsed]
  [720 evaluations, 4.3 min elapsed]
  [730 evaluations, 4.4 min elapsed]
  [740 evaluations, 4.4 min elapsed]
differential_evolution step 2: f(x)= 2385.583469090138
  [750 evaluations, 4.5 min elapsed]
  [760 evaluations, 4.6 min elapsed]
  [770 evaluations, 4.6 min elapsed]
  [780 evaluations, 4.7 min elapsed]
  [790 evaluations, 4.8 min elapsed]
  [800 evaluations, 4.8 min elapsed]
  [810 evaluations, 4.9 min elapsed]
  [820 evaluations, 5.0 min elapsed]
  [830 evaluations, 5.0 min elapsed]
  [840 evaluations, 5.1 min elapsed]
  [850 evaluations, 5.1 min elapsed]
  [860 evaluations, 5.2 min elapsed]
  [870 evaluations, 5.3 min elapsed]
  [880 evaluations, 5.3 min elapsed]
  [890 evaluations, 5.4 min elapsed]
  [900 evaluations, 5.4 min elapsed]
  [910 evaluations, 5.5 min elapsed]
  [920 evaluations, 5.6 min elapsed]
  [930 evaluations, 5.6 min elapsed]
  [940 evaluations, 5.7 min elapsed]
  [950 evaluations, 5.7 min elapsed]
  [960 evaluations, 5.8 min elapsed]
  [970 evaluations, 5.9 min elapsed]
  [980 evaluations, 5.9 min elapsed]
  [990 evaluations, 6.0 min elapsed]
differential_evolution step 3: f(x)= 2246.5758173874856
  [1000 evaluations, 6.1 min elapsed]
  [1010 evaluations, 6.1 min elapsed]
  [1020 evaluations, 6.2 min elapsed]
  [1030 evaluations, 6.3 min elapsed]
  [1040 evaluations, 6.3 min elapsed]
  [1050 evaluations, 6.4 min elapsed]
  [1060 evaluations, 6.4 min elapsed]
  [1070 evaluations, 6.5 min elapsed]
  [1080 evaluations, 6.6 min elapsed]
  [1090 evaluations, 6.6 min elapsed]
  [1100 evaluations, 6.7 min elapsed]
  [1110 evaluations, 6.7 min elapsed]
  [1120 evaluations, 6.8 min elapsed]
  [1130 evaluations, 6.9 min elapsed]
  [1140 evaluations, 6.9 min elapsed]
  [1150 evaluations, 7.0 min elapsed]
  [1160 evaluations, 7.0 min elapsed]
  [1170 evaluations, 7.1 min elapsed]
  [1180 evaluations, 7.1 min elapsed]
  [1190 evaluations, 7.2 min elapsed]
  [1200 evaluations, 7.3 min elapsed]
  [1210 evaluations, 7.3 min elapsed]
  [1220 evaluations, 7.4 min elapsed]
  [1230 evaluations, 7.4 min elapsed]
  [1240 evaluations, 7.5 min elapsed]
differential_evolution step 4: f(x)= 2165.5185308488776
  [1250 evaluations, 7.6 min elapsed]
  [1260 evaluations, 7.6 min elapsed]
  [1270 evaluations, 7.7 min elapsed]
  [1280 evaluations, 7.7 min elapsed]
  [1290 evaluations, 7.8 min elapsed]
  [1300 evaluations, 7.9 min elapsed]
  [1310 evaluations, 7.9 min elapsed]
  [1320 evaluations, 8.0 min elapsed]
  [1330 evaluations, 8.0 min elapsed]
  [1340 evaluations, 8.1 min elapsed]
  [1350 evaluations, 8.1 min elapsed]
  [1360 evaluations, 8.2 min elapsed]
  [1370 evaluations, 8.3 min elapsed]
  [1380 evaluations, 8.3 min elapsed]
  [1390 evaluations, 8.4 min elapsed]
  [1400 evaluations, 8.4 min elapsed]
  [1410 evaluations, 8.5 min elapsed]
  [1420 evaluations, 8.6 min elapsed]
  [1430 evaluations, 8.6 min elapsed]
  [1440 evaluations, 8.7 min elapsed]
  [1450 evaluations, 8.7 min elapsed]
  [1460 evaluations, 8.8 min elapsed]
  [1470 evaluations, 8.9 min elapsed]
  [1480 evaluations, 8.9 min elapsed]
differential_evolution step 5: f(x)= 1931.431313869707
  [1490 evaluations, 9.0 min elapsed]
  [1500 evaluations, 9.1 min elapsed]
  [1510 evaluations, 9.1 min elapsed]
  [1520 evaluations, 9.2 min elapsed]
  [1530 evaluations, 9.2 min elapsed]
  [1540 evaluations, 9.3 min elapsed]
  [1550 evaluations, 9.4 min elapsed]
  [1560 evaluations, 9.4 min elapsed]
  [1570 evaluations, 9.5 min elapsed]
  [1580 evaluations, 9.6 min elapsed]
  [1590 evaluations, 9.6 min elapsed]
  [1600 evaluations, 9.7 min elapsed]
  [1610 evaluations, 9.7 min elapsed]
  [1620 evaluations, 9.8 min elapsed]
  [1630 evaluations, 9.9 min elapsed]
  [1640 evaluations, 9.9 min elapsed]
  [1650 evaluations, 10.0 min elapsed]
  [1660 evaluations, 10.0 min elapsed]
  [1670 evaluations, 10.1 min elapsed]
  [1680 evaluations, 10.2 min elapsed]
  [1690 evaluations, 10.2 min elapsed]
  [1700 evaluations, 10.3 min elapsed]
  [1710 evaluations, 10.3 min elapsed]
  [1720 evaluations, 10.4 min elapsed]
  [1730 evaluations, 10.5 min elapsed]
differential_evolution step 6: f(x)= 1768.4618230391309
  [1740 evaluations, 10.5 min elapsed]
  [1750 evaluations, 10.6 min elapsed]
  [1760 evaluations, 10.6 min elapsed]
  [1770 evaluations, 10.7 min elapsed]
  [1780 evaluations, 10.8 min elapsed]
  [1790 evaluations, 10.8 min elapsed]
  [1800 evaluations, 10.9 min elapsed]
  [1810 evaluations, 10.9 min elapsed]
  [1820 evaluations, 11.0 min elapsed]
  [1830 evaluations, 11.1 min elapsed]
  [1840 evaluations, 11.1 min elapsed]
  [1850 evaluations, 11.2 min elapsed]
  [1860 evaluations, 11.2 min elapsed]
  [1870 evaluations, 11.3 min elapsed]
  [1880 evaluations, 11.4 min elapsed]
  [1890 evaluations, 11.4 min elapsed]
  [1900 evaluations, 11.5 min elapsed]
  [1910 evaluations, 11.5 min elapsed]
  [1920 evaluations, 11.6 min elapsed]
  [1930 evaluations, 11.7 min elapsed]
  [1940 evaluations, 11.7 min elapsed]
  [1950 evaluations, 11.8 min elapsed]
  [1960 evaluations, 11.8 min elapsed]
  [1970 evaluations, 11.9 min elapsed]
  [1980 evaluations, 11.9 min elapsed]
differential_evolution step 7: f(x)= 1644.2535233205338
  [1990 evaluations, 12.0 min elapsed]
  [2000 evaluations, 12.1 min elapsed]
  [2010 evaluations, 12.1 min elapsed]
  [2020 evaluations, 12.2 min elapsed]
  [2030 evaluations, 12.2 min elapsed]
  [2040 evaluations, 12.3 min elapsed]
  [2050 evaluations, 12.4 min elapsed]
  [2060 evaluations, 12.4 min elapsed]
