================================================================================
 FULL 32-PARAMETER OPTIMIZATION WITH COMPREHENSIVE LOGGING
================================================================================

Warm start from previous best: f(x) = 1097 (step 4)
Strategy: Ne↓, E↑, reduce C2H2→C2→CH pathway rates

Selecting tunable rates...
  Selected 40 key rates

Selected rates:
--------------------------------------------------------------------------------
 1. loss_C2_11_3                                  [1.00e-04, 2.00e+03] (20000000.0x)
 2. loss_C2H2Star_11_25                           [1.00e+02, 1.00e+04] (100.0x)
 3. loss_C3H4_11_18                               [1.00e+02, 1.50e+03] (15.0x)
 4. loss_C4H_11_15                                [1.00e+02, 1.00e+03] (10.0x)
 5. loss_C3_11_14                                 [1.00e+02, 1.00e+03] (10.0x)
 6. loss_C3H_11_10                                [1.00e+02, 1.00e+03] (10.0x)
 7. loss_C4H2_11_11                               [1.00e+02, 1.00e+03] (10.0x)
 8. ArStar_CH4_CH3_H_cm3_3_1                      [5.00e-11, 5.00e-10] (10.0x)
 9. loss_C3H3_11_13                               [1.00e+02, 1.00e+03] (10.0x)
10. stick_ArStar_9_5                              [7.14e+01, 7.14e+02] (10.0x)
    ... and 30 more

 Optimization parameters:
  Tunable rates: 40
  E field: [10, 300] V/cm
  Ne: [1.0e9, 5.0e9] cm^-3
  Total parameters: 42

 Targets:
  H:  5.18e+13 cm^-3
  CH: 1.00e+09 cm^-3  (heavily weighted)
  C2: 1.30e+11 cm^-3

================================================================================
 Running Optimization (15 iterations, pop=6)
================================================================================

Detailed logs will be saved to optimization_results_targeted/
Best results will be logged with full chemistry breakdown.


  Creating warm-start population from previous best (f=1097)...
  ✓ Population biased toward: Ne~1.5e9, E~250, key rates reduced

  *** NEW BEST: f(x) = 11194.97 at evaluation 1
      H: 2.72e+13 (target: 5.18e+13, ratio: 0.53x)
      CH: 2.47e+10 (target: 1.00e+09, ratio: 24.65x)
      C2: 2.96e+11 (target: 1.30e+11, ratio: 2.27x)
      Saved to: optimization_results_targeted/best_iteration_0000_f11195.0.json


  *** NEW BEST: f(x) = 9651.25 at evaluation 2
      H: 2.86e+13 (target: 5.18e+13, ratio: 0.55x)
      CH: 2.30e+10 (target: 1.00e+09, ratio: 22.97x)
      C2: 2.05e+11 (target: 1.30e+11, ratio: 1.57x)
      Saved to: optimization_results_targeted/best_iteration_0000_f9651.2.json


  *** NEW BEST: f(x) = 7757.92 at evaluation 4
      H: 2.58e+13 (target: 5.18e+13, ratio: 0.50x)
      CH: 2.07e+10 (target: 1.00e+09, ratio: 20.69x)
      C2: 2.69e+11 (target: 1.30e+11, ratio: 2.07x)
      Saved to: optimization_results_targeted/best_iteration_0000_f7757.9.json


  *** NEW BEST: f(x) = 7002.41 at evaluation 5
      H: 2.79e+13 (target: 5.18e+13, ratio: 0.54x)
      CH: 1.97e+10 (target: 1.00e+09, ratio: 19.71x)
      C2: 1.99e+11 (target: 1.30e+11, ratio: 1.53x)
      Saved to: optimization_results_targeted/best_iteration_0000_f7002.4.json


  *** NEW BEST: f(x) = 5917.65 at evaluation 7
      H: 2.81e+13 (target: 5.18e+13, ratio: 0.54x)
      CH: 1.82e+10 (target: 1.00e+09, ratio: 18.20x)
      C2: 1.57e+11 (target: 1.30e+11, ratio: 1.21x)
      Saved to: optimization_results_targeted/best_iteration_0000_f5917.7.json


  *** NEW BEST: f(x) = 4554.02 at evaluation 8
      H: 2.91e+13 (target: 5.18e+13, ratio: 0.56x)
      CH: 1.61e+10 (target: 1.00e+09, ratio: 16.09x)
      C2: 1.52e+11 (target: 1.30e+11, ratio: 1.17x)
      Saved to: optimization_results_targeted/best_iteration_0000_f4554.0.json

  [10 evaluations, 0.1 min elapsed]

  *** NEW BEST: f(x) = 3809.82 at evaluation 12
      H: 2.62e+13 (target: 5.18e+13, ratio: 0.50x)
      CH: 1.48e+10 (target: 1.00e+09, ratio: 14.80x)
      C2: 1.51e+11 (target: 1.30e+11, ratio: 1.16x)
      Saved to: optimization_results_targeted/best_iteration_0000_f3809.8.json

differential_evolution step 1: f(x)= 3809.821118617463
differential_evolution step 2: f(x)= 3809.821118617463
  [20 evaluations, 0.2 min elapsed]
differential_evolution step 3: f(x)= 3809.821118617463

  *** NEW BEST: f(x) = 2572.37 at evaluation 28
      H: 2.55e+13 (target: 5.18e+13, ratio: 0.49x)
      CH: 1.23e+10 (target: 1.00e+09, ratio: 12.34x)
      C2: 9.03e+10 (target: 1.30e+11, ratio: 0.69x)
      Saved to: optimization_results_targeted/best_iteration_0000_f2572.4.json

  [30 evaluations, 0.2 min elapsed]
differential_evolution step 4: f(x)= 2572.372212893424

  *** NEW BEST: f(x) = 2464.38 at evaluation 31
      H: 2.55e+13 (target: 5.18e+13, ratio: 0.49x)
      CH: 1.21e+10 (target: 1.00e+09, ratio: 12.10x)
      C2: 8.73e+10 (target: 1.30e+11, ratio: 0.67x)
      Saved to: optimization_results_targeted/best_iteration_0000_f2464.4.json

differential_evolution step 5: f(x)= 2464.3830445590265
  [40 evaluations, 0.3 min elapsed]
differential_evolution step 6: f(x)= 2464.3830445590265
differential_evolution step 7: f(x)= 2464.3830445590265

  *** NEW BEST: f(x) = 2264.79 at evaluation 49
      H: 2.55e+13 (target: 5.18e+13, ratio: 0.49x)
      CH: 1.16e+10 (target: 1.00e+09, ratio: 11.64x)
      C2: 8.73e+10 (target: 1.30e+11, ratio: 0.67x)
      Saved to: optimization_results_targeted/best_iteration_0000_f2264.8.json

  [50 evaluations, 0.4 min elapsed]
differential_evolution step 8: f(x)= 2264.792856729006

  *** NEW BEST: f(x) = 2110.33 at evaluation 58
      H: 2.57e+13 (target: 5.18e+13, ratio: 0.50x)
      CH: 1.13e+10 (target: 1.00e+09, ratio: 11.27x)
      C2: 7.61e+10 (target: 1.30e+11, ratio: 0.59x)
      Saved to: optimization_results_targeted/best_iteration_0000_f2110.3.json

  [60 evaluations, 0.4 min elapsed]
differential_evolution step 9: f(x)= 2110.3340714810784
differential_evolution step 10: f(x)= 2110.3340714810784
  [70 evaluations, 0.5 min elapsed]
differential_evolution step 11: f(x)= 2110.3340714810784
differential_evolution step 12: f(x)= 2110.3340714810784

  *** NEW BEST: f(x) = 2013.30 at evaluation 79
      H: 2.57e+13 (target: 5.18e+13, ratio: 0.50x)
      CH: 1.10e+10 (target: 1.00e+09, ratio: 11.03x)
      C2: 7.82e+10 (target: 1.30e+11, ratio: 0.60x)
      Saved to: optimization_results_targeted/best_iteration_0000_f2013.3.json

  [80 evaluations, 0.6 min elapsed]
differential_evolution step 13: f(x)= 2013.3027228940346
  [90 evaluations, 0.6 min elapsed]
differential_evolution step 14: f(x)= 2013.3027228940346

  *** NEW BEST: f(x) = 1933.11 at evaluation 93
      H: 2.55e+13 (target: 5.18e+13, ratio: 0.49x)
      CH: 1.08e+10 (target: 1.00e+09, ratio: 10.83x)
      C2: 8.05e+10 (target: 1.30e+11, ratio: 0.62x)
      Saved to: optimization_results_targeted/best_iteration_0000_f1933.1.json


  *** NEW BEST: f(x) = 1757.27 at evaluation 94
      H: 2.57e+13 (target: 5.18e+13, ratio: 0.50x)
      CH: 1.04e+10 (target: 1.00e+09, ratio: 10.37x)
      C2: 7.53e+10 (target: 1.30e+11, ratio: 0.58x)
      Saved to: optimization_results_targeted/best_iteration_0000_f1757.3.json

differential_evolution step 15: f(x)= 1757.2696281661529
Polishing solution with 'L-BFGS-B'

  *** NEW BEST: f(x) = 1757.27 at evaluation 98
      H: 2.57e+13 (target: 5.18e+13, ratio: 0.50x)
      CH: 1.04e+10 (target: 1.00e+09, ratio: 10.37x)
      C2: 7.53e+10 (target: 1.30e+11, ratio: 0.58x)
      Saved to: optimization_results_targeted/best_iteration_0000_f1757.3.json

  [100 evaluations, 0.7 min elapsed]

  *** NEW BEST: f(x) = 1757.27 at evaluation 108
      H: 2.57e+13 (target: 5.18e+13, ratio: 0.50x)
      CH: 1.04e+10 (target: 1.00e+09, ratio: 10.37x)
      C2: 7.53e+10 (target: 1.30e+11, ratio: 0.58x)
      Saved to: optimization_results_targeted/best_iteration_0000_f1757.3.json

  [110 evaluations, 0.8 min elapsed]

  *** NEW BEST: f(x) = 1732.36 at evaluation 118
      H: 2.57e+13 (target: 5.18e+13, ratio: 0.50x)
      CH: 1.03e+10 (target: 1.00e+09, ratio: 10.30x)
      C2: 7.48e+10 (target: 1.30e+11, ratio: 0.58x)
      Saved to: optimization_results_targeted/best_iteration_0000_f1732.4.json

  [120 evaluations, 0.9 min elapsed]
  [130 evaluations, 0.9 min elapsed]
  [140 evaluations, 1.0 min elapsed]

  *** NEW BEST: f(x) = 1641.17 at evaluation 140
      H: 2.56e+13 (target: 5.18e+13, ratio: 0.50x)
      CH: 1.01e+10 (target: 1.00e+09, ratio: 10.06x)
      C2: 7.46e+10 (target: 1.30e+11, ratio: 0.57x)
      Saved to: optimization_results_targeted/best_iteration_0000_f1641.2.json


  *** NEW BEST: f(x) = 1641.17 at evaluation 141
      H: 2.56e+13 (target: 5.18e+13, ratio: 0.50x)
      CH: 1.01e+10 (target: 1.00e+09, ratio: 10.06x)
      C2: 7.46e+10 (target: 1.30e+11, ratio: 0.57x)
      Saved to: optimization_results_targeted/best_iteration_0000_f1641.2.json

  [150 evaluations, 1.1 min elapsed]

  *** NEW BEST: f(x) = 1641.17 at evaluation 151
      H: 2.56e+13 (target: 5.18e+13, ratio: 0.50x)
      CH: 1.01e+10 (target: 1.00e+09, ratio: 10.06x)
      C2: 7.46e+10 (target: 1.30e+11, ratio: 0.57x)
      Saved to: optimization_results_targeted/best_iteration_0000_f1641.2.json

  [160 evaluations, 1.1 min elapsed]
  [170 evaluations, 1.2 min elapsed]
  [180 evaluations, 1.3 min elapsed]

  *** NEW BEST: f(x) = 1641.17 at evaluation 183
      H: 2.56e+13 (target: 5.18e+13, ratio: 0.50x)
      CH: 1.01e+10 (target: 1.00e+09, ratio: 10.06x)
      C2: 7.46e+10 (target: 1.30e+11, ratio: 0.57x)
      Saved to: optimization_results_targeted/best_iteration_0000_f1641.2.json


  *** NEW BEST: f(x) = 1641.17 at evaluation 184
      H: 2.56e+13 (target: 5.18e+13, ratio: 0.50x)
      CH: 1.01e+10 (target: 1.00e+09, ratio: 10.06x)
      C2: 7.46e+10 (target: 1.30e+11, ratio: 0.57x)
      Saved to: optimization_results_targeted/best_iteration_0000_f1641.2.json

  [190 evaluations, 1.3 min elapsed]

  *** NEW BEST: f(x) = 1641.17 at evaluation 194
      H: 2.56e+13 (target: 5.18e+13, ratio: 0.50x)
      CH: 1.01e+10 (target: 1.00e+09, ratio: 10.06x)
      C2: 7.46e+10 (target: 1.30e+11, ratio: 0.57x)
      Saved to: optimization_results_targeted/best_iteration_0000_f1641.2.json

  [200 evaluations, 1.4 min elapsed]
  [210 evaluations, 1.5 min elapsed]
  [220 evaluations, 1.5 min elapsed]

  *** NEW BEST: f(x) = 1641.16 at evaluation 226
      H: 2.56e+13 (target: 5.18e+13, ratio: 0.50x)
      CH: 1.01e+10 (target: 1.00e+09, ratio: 10.06x)
      C2: 7.46e+10 (target: 1.30e+11, ratio: 0.57x)
      Saved to: optimization_results_targeted/best_iteration_0000_f1641.2.json


  *** NEW BEST: f(x) = 1641.16 at evaluation 227
      H: 2.56e+13 (target: 5.18e+13, ratio: 0.50x)
      CH: 1.01e+10 (target: 1.00e+09, ratio: 10.06x)
      C2: 7.46e+10 (target: 1.30e+11, ratio: 0.57x)
      Saved to: optimization_results_targeted/best_iteration_0000_f1641.2.json

  [230 evaluations, 1.6 min elapsed]

  *** NEW BEST: f(x) = 1641.16 at evaluation 237
      H: 2.56e+13 (target: 5.18e+13, ratio: 0.50x)
      CH: 1.01e+10 (target: 1.00e+09, ratio: 10.06x)
      C2: 7.46e+10 (target: 1.30e+11, ratio: 0.57x)
      Saved to: optimization_results_targeted/best_iteration_0000_f1641.2.json

  [240 evaluations, 1.6 min elapsed]
  [250 evaluations, 1.7 min elapsed]
  [260 evaluations, 1.8 min elapsed]

  *** NEW BEST: f(x) = 1641.15 at evaluation 269
      H: 2.56e+13 (target: 5.18e+13, ratio: 0.50x)
      CH: 1.01e+10 (target: 1.00e+09, ratio: 10.06x)
      C2: 7.46e+10 (target: 1.30e+11, ratio: 0.57x)
      Saved to: optimization_results_targeted/best_iteration_0000_f1641.2.json

  [270 evaluations, 1.8 min elapsed]

  *** NEW BEST: f(x) = 1641.15 at evaluation 270
      H: 2.56e+13 (target: 5.18e+13, ratio: 0.50x)
      CH: 1.01e+10 (target: 1.00e+09, ratio: 10.06x)
      C2: 7.46e+10 (target: 1.30e+11, ratio: 0.57x)
      Saved to: optimization_results_targeted/best_iteration_0000_f1641.2.json

  [280 evaluations, 1.9 min elapsed]

  *** NEW BEST: f(x) = 1641.15 at evaluation 280
      H: 2.56e+13 (target: 5.18e+13, ratio: 0.50x)
      CH: 1.01e+10 (target: 1.00e+09, ratio: 10.06x)
      C2: 7.46e+10 (target: 1.30e+11, ratio: 0.57x)
      Saved to: optimization_results_targeted/best_iteration_0000_f1641.2.json

  [290 evaluations, 2.0 min elapsed]
  [300 evaluations, 2.0 min elapsed]
  [310 evaluations, 2.1 min elapsed]

  *** NEW BEST: f(x) = 1641.11 at evaluation 312
      H: 2.56e+13 (target: 5.18e+13, ratio: 0.50x)
      CH: 1.01e+10 (target: 1.00e+09, ratio: 10.06x)
      C2: 7.45e+10 (target: 1.30e+11, ratio: 0.57x)
      Saved to: optimization_results_targeted/best_iteration_0000_f1641.1.json


  *** NEW BEST: f(x) = 1641.11 at evaluation 313
      H: 2.56e+13 (target: 5.18e+13, ratio: 0.50x)
      CH: 1.01e+10 (target: 1.00e+09, ratio: 10.06x)
      C2: 7.45e+10 (target: 1.30e+11, ratio: 0.57x)
      Saved to: optimization_results_targeted/best_iteration_0000_f1641.1.json

  [320 evaluations, 2.2 min elapsed]

  *** NEW BEST: f(x) = 1641.11 at evaluation 323
      H: 2.56e+13 (target: 5.18e+13, ratio: 0.50x)
      CH: 1.01e+10 (target: 1.00e+09, ratio: 10.06x)
      C2: 7.45e+10 (target: 1.30e+11, ratio: 0.57x)
      Saved to: optimization_results_targeted/best_iteration_0000_f1641.1.json

  [330 evaluations, 2.2 min elapsed]
  [340 evaluations, 2.3 min elapsed]
  [350 evaluations, 2.3 min elapsed]

  *** NEW BEST: f(x) = 1640.94 at evaluation 355
      H: 2.56e+13 (target: 5.18e+13, ratio: 0.50x)
      CH: 1.01e+10 (target: 1.00e+09, ratio: 10.06x)
      C2: 7.45e+10 (target: 1.30e+11, ratio: 0.57x)
      Saved to: optimization_results_targeted/best_iteration_0000_f1640.9.json


  *** NEW BEST: f(x) = 1640.94 at evaluation 356
      H: 2.56e+13 (target: 5.18e+13, ratio: 0.50x)
      CH: 1.01e+10 (target: 1.00e+09, ratio: 10.06x)
      C2: 7.45e+10 (target: 1.30e+11, ratio: 0.57x)
      Saved to: optimization_results_targeted/best_iteration_0000_f1640.9.json

  [360 evaluations, 2.4 min elapsed]

  *** NEW BEST: f(x) = 1640.94 at evaluation 366
      H: 2.56e+13 (target: 5.18e+13, ratio: 0.50x)
      CH: 1.01e+10 (target: 1.00e+09, ratio: 10.06x)
      C2: 7.45e+10 (target: 1.30e+11, ratio: 0.57x)
      Saved to: optimization_results_targeted/best_iteration_0000_f1640.9.json

  [370 evaluations, 2.5 min elapsed]
  [380 evaluations, 2.5 min elapsed]
  [390 evaluations, 2.6 min elapsed]

  *** NEW BEST: f(x) = 1640.26 at evaluation 398
      H: 2.56e+13 (target: 5.18e+13, ratio: 0.50x)
      CH: 1.01e+10 (target: 1.00e+09, ratio: 10.05x)
      C2: 7.45e+10 (target: 1.30e+11, ratio: 0.57x)
      Saved to: optimization_results_targeted/best_iteration_0000_f1640.3.json


  *** NEW BEST: f(x) = 1640.26 at evaluation 399
      H: 2.56e+13 (target: 5.18e+13, ratio: 0.50x)
      CH: 1.01e+10 (target: 1.00e+09, ratio: 10.05x)
      C2: 7.45e+10 (target: 1.30e+11, ratio: 0.57x)
      Saved to: optimization_results_targeted/best_iteration_0000_f1640.3.json

  [400 evaluations, 2.7 min elapsed]

  *** NEW BEST: f(x) = 1640.26 at evaluation 409
      H: 2.56e+13 (target: 5.18e+13, ratio: 0.50x)
      CH: 1.01e+10 (target: 1.00e+09, ratio: 10.05x)
      C2: 7.45e+10 (target: 1.30e+11, ratio: 0.57x)
      Saved to: optimization_results_targeted/best_iteration_0000_f1640.3.json

  [410 evaluations, 2.7 min elapsed]
  [420 evaluations, 2.8 min elapsed]
  [430 evaluations, 2.8 min elapsed]
  [440 evaluations, 2.9 min elapsed]

  *** NEW BEST: f(x) = 1637.54 at evaluation 441
      H: 2.56e+13 (target: 5.18e+13, ratio: 0.50x)
      CH: 1.00e+10 (target: 1.00e+09, ratio: 10.05x)
      C2: 7.44e+10 (target: 1.30e+11, ratio: 0.57x)
      Saved to: optimization_results_targeted/best_iteration_0000_f1637.5.json


  *** NEW BEST: f(x) = 1637.54 at evaluation 442
      H: 2.56e+13 (target: 5.18e+13, ratio: 0.50x)
      CH: 1.00e+10 (target: 1.00e+09, ratio: 10.05x)
      C2: 7.44e+10 (target: 1.30e+11, ratio: 0.57x)
      Saved to: optimization_results_targeted/best_iteration_0000_f1637.5.json

  [450 evaluations, 3.0 min elapsed]

  *** NEW BEST: f(x) = 1637.54 at evaluation 452
      H: 2.56e+13 (target: 5.18e+13, ratio: 0.50x)
      CH: 1.00e+10 (target: 1.00e+09, ratio: 10.05x)
      C2: 7.44e+10 (target: 1.30e+11, ratio: 0.57x)
      Saved to: optimization_results_targeted/best_iteration_0000_f1637.5.json

  [460 evaluations, 3.0 min elapsed]
  [470 evaluations, 3.1 min elapsed]
  [480 evaluations, 3.2 min elapsed]

  *** NEW BEST: f(x) = 1626.71 at evaluation 484
      H: 2.56e+13 (target: 5.18e+13, ratio: 0.49x)
      CH: 1.00e+10 (target: 1.00e+09, ratio: 10.02x)
      C2: 7.41e+10 (target: 1.30e+11, ratio: 0.57x)
      Saved to: optimization_results_targeted/best_iteration_0000_f1626.7.json


  *** NEW BEST: f(x) = 1626.71 at evaluation 485
      H: 2.56e+13 (target: 5.18e+13, ratio: 0.49x)
      CH: 1.00e+10 (target: 1.00e+09, ratio: 10.02x)
      C2: 7.41e+10 (target: 1.30e+11, ratio: 0.57x)
      Saved to: optimization_results_targeted/best_iteration_0000_f1626.7.json

  [490 evaluations, 3.2 min elapsed]

  *** NEW BEST: f(x) = 1626.71 at evaluation 495
      H: 2.56e+13 (target: 5.18e+13, ratio: 0.49x)
      CH: 1.00e+10 (target: 1.00e+09, ratio: 10.02x)
      C2: 7.41e+10 (target: 1.30e+11, ratio: 0.57x)
      Saved to: optimization_results_targeted/best_iteration_0000_f1626.7.json

  [500 evaluations, 3.3 min elapsed]
  [510 evaluations, 3.4 min elapsed]
  [520 evaluations, 3.4 min elapsed]

  *** NEW BEST: f(x) = 1584.22 at evaluation 527
      H: 2.55e+13 (target: 5.18e+13, ratio: 0.49x)
      CH: 9.90e+09 (target: 1.00e+09, ratio: 9.90x)
      C2: 7.26e+10 (target: 1.30e+11, ratio: 0.56x)
      Saved to: optimization_results_targeted/best_iteration_0000_f1584.2.json


  *** NEW BEST: f(x) = 1584.22 at evaluation 528
      H: 2.55e+13 (target: 5.18e+13, ratio: 0.49x)
      CH: 9.90e+09 (target: 1.00e+09, ratio: 9.90x)
      C2: 7.26e+10 (target: 1.30e+11, ratio: 0.56x)
      Saved to: optimization_results_targeted/best_iteration_0000_f1584.2.json

  [530 evaluations, 3.5 min elapsed]

  *** NEW BEST: f(x) = 1584.22 at evaluation 538
      H: 2.55e+13 (target: 5.18e+13, ratio: 0.49x)
      CH: 9.90e+09 (target: 1.00e+09, ratio: 9.90x)
      C2: 7.26e+10 (target: 1.30e+11, ratio: 0.56x)
      Saved to: optimization_results_targeted/best_iteration_0000_f1584.2.json

  [540 evaluations, 3.6 min elapsed]
  [550 evaluations, 3.6 min elapsed]
  [560 evaluations, 3.7 min elapsed]
  [570 evaluations, 3.8 min elapsed]

  *** NEW BEST: f(x) = 1547.49 at evaluation 570
      H: 2.55e+13 (target: 5.18e+13, ratio: 0.49x)
      CH: 9.79e+09 (target: 1.00e+09, ratio: 9.79x)
      C2: 7.13e+10 (target: 1.30e+11, ratio: 0.55x)
      Saved to: optimization_results_targeted/best_iteration_0000_f1547.5.json


  *** NEW BEST: f(x) = 1547.49 at evaluation 571
      H: 2.55e+13 (target: 5.18e+13, ratio: 0.49x)
      CH: 9.79e+09 (target: 1.00e+09, ratio: 9.79x)
      C2: 7.13e+10 (target: 1.30e+11, ratio: 0.55x)
      Saved to: optimization_results_targeted/best_iteration_0000_f1547.5.json

  [580 evaluations, 3.9 min elapsed]

  *** NEW BEST: f(x) = 1547.49 at evaluation 581
      H: 2.55e+13 (target: 5.18e+13, ratio: 0.49x)
      CH: 9.79e+09 (target: 1.00e+09, ratio: 9.79x)
      C2: 7.13e+10 (target: 1.30e+11, ratio: 0.55x)
      Saved to: optimization_results_targeted/best_iteration_0000_f1547.5.json

  [590 evaluations, 3.9 min elapsed]
  [600 evaluations, 4.0 min elapsed]
  [610 evaluations, 4.0 min elapsed]

  *** NEW BEST: f(x) = 1546.88 at evaluation 613
      H: 2.55e+13 (target: 5.18e+13, ratio: 0.49x)
      CH: 9.79e+09 (target: 1.00e+09, ratio: 9.79x)
      C2: 7.13e+10 (target: 1.30e+11, ratio: 0.55x)
      Saved to: optimization_results_targeted/best_iteration_0000_f1546.9.json


  *** NEW BEST: f(x) = 1546.88 at evaluation 614
      H: 2.55e+13 (target: 5.18e+13, ratio: 0.49x)
      CH: 9.79e+09 (target: 1.00e+09, ratio: 9.79x)
      C2: 7.13e+10 (target: 1.30e+11, ratio: 0.55x)
      Saved to: optimization_results_targeted/best_iteration_0000_f1546.9.json

  [620 evaluations, 4.1 min elapsed]

  *** NEW BEST: f(x) = 1546.88 at evaluation 624
      H: 2.55e+13 (target: 5.18e+13, ratio: 0.49x)
      CH: 9.79e+09 (target: 1.00e+09, ratio: 9.79x)
      C2: 7.13e+10 (target: 1.30e+11, ratio: 0.55x)
      Saved to: optimization_results_targeted/best_iteration_0000_f1546.9.json

  [630 evaluations, 4.2 min elapsed]
  [640 evaluations, 4.3 min elapsed]
  [650 evaluations, 4.3 min elapsed]

  *** NEW BEST: f(x) = 1544.44 at evaluation 656
      H: 2.55e+13 (target: 5.18e+13, ratio: 0.49x)
      CH: 9.79e+09 (target: 1.00e+09, ratio: 9.79x)
      C2: 7.12e+10 (target: 1.30e+11, ratio: 0.55x)
      Saved to: optimization_results_targeted/best_iteration_0000_f1544.4.json


  *** NEW BEST: f(x) = 1544.44 at evaluation 657
      H: 2.55e+13 (target: 5.18e+13, ratio: 0.49x)
      CH: 9.79e+09 (target: 1.00e+09, ratio: 9.79x)
      C2: 7.12e+10 (target: 1.30e+11, ratio: 0.55x)
      Saved to: optimization_results_targeted/best_iteration_0000_f1544.4.json

  [660 evaluations, 4.4 min elapsed]

  *** NEW BEST: f(x) = 1544.44 at evaluation 667
      H: 2.55e+13 (target: 5.18e+13, ratio: 0.49x)
      CH: 9.79e+09 (target: 1.00e+09, ratio: 9.79x)
      C2: 7.12e+10 (target: 1.30e+11, ratio: 0.55x)
      Saved to: optimization_results_targeted/best_iteration_0000_f1544.4.json

  [670 evaluations, 4.4 min elapsed]
  [680 evaluations, 4.5 min elapsed]
  [690 evaluations, 4.6 min elapsed]

  *** NEW BEST: f(x) = 1534.71 at evaluation 699
      H: 2.55e+13 (target: 5.18e+13, ratio: 0.49x)
      CH: 9.76e+09 (target: 1.00e+09, ratio: 9.76x)
      C2: 7.09e+10 (target: 1.30e+11, ratio: 0.55x)
      Saved to: optimization_results_targeted/best_iteration_0000_f1534.7.json

  [700 evaluations, 4.6 min elapsed]

  *** NEW BEST: f(x) = 1534.71 at evaluation 700
      H: 2.55e+13 (target: 5.18e+13, ratio: 0.49x)
      CH: 9.76e+09 (target: 1.00e+09, ratio: 9.76x)
      C2: 7.09e+10 (target: 1.30e+11, ratio: 0.55x)
      Saved to: optimization_results_targeted/best_iteration_0000_f1534.7.json

  [710 evaluations, 4.7 min elapsed]

  *** NEW BEST: f(x) = 1534.71 at evaluation 710
      H: 2.55e+13 (target: 5.18e+13, ratio: 0.49x)
      CH: 9.76e+09 (target: 1.00e+09, ratio: 9.76x)
      C2: 7.09e+10 (target: 1.30e+11, ratio: 0.55x)
      Saved to: optimization_results_targeted/best_iteration_0000_f1534.7.json

  [720 evaluations, 4.8 min elapsed]
  [730 evaluations, 4.8 min elapsed]
  [740 evaluations, 4.9 min elapsed]

  *** NEW BEST: f(x) = 1496.53 at evaluation 742
      H: 2.54e+13 (target: 5.18e+13, ratio: 0.49x)
      CH: 9.65e+09 (target: 1.00e+09, ratio: 9.65x)
      C2: 6.95e+10 (target: 1.30e+11, ratio: 0.53x)
      Saved to: optimization_results_targeted/best_iteration_0000_f1496.5.json


  *** NEW BEST: f(x) = 1496.53 at evaluation 743
      H: 2.54e+13 (target: 5.18e+13, ratio: 0.49x)
      CH: 9.65e+09 (target: 1.00e+09, ratio: 9.65x)
      C2: 6.95e+10 (target: 1.30e+11, ratio: 0.53x)
      Saved to: optimization_results_targeted/best_iteration_0000_f1496.5.json

  [750 evaluations, 5.0 min elapsed]

  *** NEW BEST: f(x) = 1496.53 at evaluation 753
      H: 2.54e+13 (target: 5.18e+13, ratio: 0.49x)
      CH: 9.65e+09 (target: 1.00e+09, ratio: 9.65x)
      C2: 6.95e+10 (target: 1.30e+11, ratio: 0.53x)
      Saved to: optimization_results_targeted/best_iteration_0000_f1496.5.json

  [760 evaluations, 5.0 min elapsed]
  [770 evaluations, 5.1 min elapsed]
  [780 evaluations, 5.1 min elapsed]

  *** NEW BEST: f(x) = 1391.78 at evaluation 785
      H: 2.52e+13 (target: 5.18e+13, ratio: 0.49x)
      CH: 9.34e+09 (target: 1.00e+09, ratio: 9.34x)
      C2: 6.58e+10 (target: 1.30e+11, ratio: 0.51x)
      Saved to: optimization_results_targeted/best_iteration_0000_f1391.8.json


  *** NEW BEST: f(x) = 1391.78 at evaluation 786
      H: 2.52e+13 (target: 5.18e+13, ratio: 0.49x)
      CH: 9.34e+09 (target: 1.00e+09, ratio: 9.34x)
      C2: 6.58e+10 (target: 1.30e+11, ratio: 0.51x)
      Saved to: optimization_results_targeted/best_iteration_0000_f1391.8.json

  [790 evaluations, 5.2 min elapsed]
  [800 evaluations, 5.3 min elapsed]

  *** NEW BEST: f(x) = 1391.78 at evaluation 804
      H: 2.52e+13 (target: 5.18e+13, ratio: 0.49x)
      CH: 9.34e+09 (target: 1.00e+09, ratio: 9.34x)
      C2: 6.58e+10 (target: 1.30e+11, ratio: 0.51x)
      Saved to: optimization_results_targeted/best_iteration_0000_f1391.8.json


  *** NEW BEST: f(x) = 1391.78 at evaluation 805
      H: 2.52e+13 (target: 5.18e+13, ratio: 0.49x)
      CH: 9.34e+09 (target: 1.00e+09, ratio: 9.34x)
      C2: 6.58e+10 (target: 1.30e+11, ratio: 0.51x)
      Saved to: optimization_results_targeted/best_iteration_0000_f1391.8.json

  [810 evaluations, 5.3 min elapsed]
  [820 evaluations, 5.4 min elapsed]

  *** NEW BEST: f(x) = 1391.56 at evaluation 828
      H: 2.52e+13 (target: 5.18e+13, ratio: 0.49x)
      CH: 9.34e+09 (target: 1.00e+09, ratio: 9.34x)
      C2: 6.58e+10 (target: 1.30e+11, ratio: 0.51x)
      Saved to: optimization_results_targeted/best_iteration_0000_f1391.6.json


  *** NEW BEST: f(x) = 1391.56 at evaluation 829
      H: 2.52e+13 (target: 5.18e+13, ratio: 0.49x)
      CH: 9.34e+09 (target: 1.00e+09, ratio: 9.34x)
      C2: 6.58e+10 (target: 1.30e+11, ratio: 0.51x)
      Saved to: optimization_results_targeted/best_iteration_0000_f1391.6.json

  [830 evaluations, 5.5 min elapsed]
  [840 evaluations, 5.5 min elapsed]

  *** NEW BEST: f(x) = 1391.56 at evaluation 847
      H: 2.52e+13 (target: 5.18e+13, ratio: 0.49x)
      CH: 9.34e+09 (target: 1.00e+09, ratio: 9.34x)
      C2: 6.58e+10 (target: 1.30e+11, ratio: 0.51x)
      Saved to: optimization_results_targeted/best_iteration_0000_f1391.6.json


  *** NEW BEST: f(x) = 1391.56 at evaluation 848
      H: 2.52e+13 (target: 5.18e+13, ratio: 0.49x)
      CH: 9.34e+09 (target: 1.00e+09, ratio: 9.34x)
      C2: 6.58e+10 (target: 1.30e+11, ratio: 0.51x)
      Saved to: optimization_results_targeted/best_iteration_0000_f1391.6.json

  [850 evaluations, 5.6 min elapsed]
  [860 evaluations, 5.7 min elapsed]
  [870 evaluations, 5.7 min elapsed]

  *** NEW BEST: f(x) = 1390.69 at evaluation 871
      H: 2.52e+13 (target: 5.18e+13, ratio: 0.49x)
      CH: 9.34e+09 (target: 1.00e+09, ratio: 9.34x)
      C2: 6.57e+10 (target: 1.30e+11, ratio: 0.51x)
      Saved to: optimization_results_targeted/best_iteration_0000_f1390.7.json


  *** NEW BEST: f(x) = 1390.69 at evaluation 872
      H: 2.52e+13 (target: 5.18e+13, ratio: 0.49x)
      CH: 9.34e+09 (target: 1.00e+09, ratio: 9.34x)
      C2: 6.57e+10 (target: 1.30e+11, ratio: 0.51x)
      Saved to: optimization_results_targeted/best_iteration_0000_f1390.7.json

  [880 evaluations, 5.8 min elapsed]

  *** NEW BEST: f(x) = 1390.69 at evaluation 889
      H: 2.52e+13 (target: 5.18e+13, ratio: 0.49x)
      CH: 9.34e+09 (target: 1.00e+09, ratio: 9.34x)
      C2: 6.57e+10 (target: 1.30e+11, ratio: 0.51x)
      Saved to: optimization_results_targeted/best_iteration_0000_f1390.7.json

  [890 evaluations, 5.9 min elapsed]

  *** NEW BEST: f(x) = 1390.69 at evaluation 890
      H: 2.52e+13 (target: 5.18e+13, ratio: 0.49x)
      CH: 9.34e+09 (target: 1.00e+09, ratio: 9.34x)
      C2: 6.57e+10 (target: 1.30e+11, ratio: 0.51x)
      Saved to: optimization_results_targeted/best_iteration_0000_f1390.7.json


  *** NEW BEST: f(x) = 1390.69 at evaluation 891
      H: 2.52e+13 (target: 5.18e+13, ratio: 0.49x)
      CH: 9.34e+09 (target: 1.00e+09, ratio: 9.34x)
      C2: 6.57e+10 (target: 1.30e+11, ratio: 0.51x)
      Saved to: optimization_results_targeted/best_iteration_0000_f1390.7.json

  [900 evaluations, 6.0 min elapsed]
  [910 evaluations, 6.0 min elapsed]

  *** NEW BEST: f(x) = 1390.07 at evaluation 914
      H: 2.52e+13 (target: 5.18e+13, ratio: 0.49x)
      CH: 9.33e+09 (target: 1.00e+09, ratio: 9.33x)
      C2: 6.57e+10 (target: 1.30e+11, ratio: 0.51x)
      Saved to: optimization_results_targeted/best_iteration_0000_f1390.1.json


  *** NEW BEST: f(x) = 1390.07 at evaluation 915
      H: 2.52e+13 (target: 5.18e+13, ratio: 0.49x)
      CH: 9.33e+09 (target: 1.00e+09, ratio: 9.33x)
      C2: 6.57e+10 (target: 1.30e+11, ratio: 0.51x)
      Saved to: optimization_results_targeted/best_iteration_0000_f1390.1.json

  [920 evaluations, 6.1 min elapsed]
  [930 evaluations, 6.2 min elapsed]

  *** NEW BEST: f(x) = 1390.07 at evaluation 933
      H: 2.52e+13 (target: 5.18e+13, ratio: 0.49x)
      CH: 9.33e+09 (target: 1.00e+09, ratio: 9.33x)
      C2: 6.57e+10 (target: 1.30e+11, ratio: 0.51x)
      Saved to: optimization_results_targeted/best_iteration_0000_f1390.1.json


  *** NEW BEST: f(x) = 1390.07 at evaluation 934
      H: 2.52e+13 (target: 5.18e+13, ratio: 0.49x)
      CH: 9.33e+09 (target: 1.00e+09, ratio: 9.33x)
      C2: 6.57e+10 (target: 1.30e+11, ratio: 0.51x)
      Saved to: optimization_results_targeted/best_iteration_0000_f1390.1.json

  [940 evaluations, 6.2 min elapsed]
  [950 evaluations, 6.3 min elapsed]

  *** NEW BEST: f(x) = 1389.91 at evaluation 957
      H: 2.52e+13 (target: 5.18e+13, ratio: 0.49x)
      CH: 9.33e+09 (target: 1.00e+09, ratio: 9.33x)
      C2: 6.57e+10 (target: 1.30e+11, ratio: 0.51x)
      Saved to: optimization_results_targeted/best_iteration_0000_f1389.9.json


  *** NEW BEST: f(x) = 1389.91 at evaluation 958
      H: 2.52e+13 (target: 5.18e+13, ratio: 0.49x)
      CH: 9.33e+09 (target: 1.00e+09, ratio: 9.33x)
      C2: 6.57e+10 (target: 1.30e+11, ratio: 0.51x)
      Saved to: optimization_results_targeted/best_iteration_0000_f1389.9.json

  [960 evaluations, 6.4 min elapsed]
  [970 evaluations, 6.4 min elapsed]

  *** NEW BEST: f(x) = 1389.91 at evaluation 976
      H: 2.52e+13 (target: 5.18e+13, ratio: 0.49x)
      CH: 9.33e+09 (target: 1.00e+09, ratio: 9.33x)
      C2: 6.57e+10 (target: 1.30e+11, ratio: 0.51x)
      Saved to: optimization_results_targeted/best_iteration_0000_f1389.9.json


  *** NEW BEST: f(x) = 1389.91 at evaluation 977
      H: 2.52e+13 (target: 5.18e+13, ratio: 0.49x)
      CH: 9.33e+09 (target: 1.00e+09, ratio: 9.33x)
      C2: 6.57e+10 (target: 1.30e+11, ratio: 0.51x)
      Saved to: optimization_results_targeted/best_iteration_0000_f1389.9.json

  [980 evaluations, 6.5 min elapsed]
  [990 evaluations, 6.6 min elapsed]
  [1000 evaluations, 6.6 min elapsed]

  *** NEW BEST: f(x) = 1389.29 at evaluation 1000
      H: 2.52e+13 (target: 5.18e+13, ratio: 0.49x)
      CH: 9.33e+09 (target: 1.00e+09, ratio: 9.33x)
      C2: 6.57e+10 (target: 1.30e+11, ratio: 0.51x)
      Saved to: optimization_results_targeted/best_iteration_0000_f1389.3.json


  *** NEW BEST: f(x) = 1389.29 at evaluation 1001
      H: 2.52e+13 (target: 5.18e+13, ratio: 0.49x)
      CH: 9.33e+09 (target: 1.00e+09, ratio: 9.33x)
      C2: 6.57e+10 (target: 1.30e+11, ratio: 0.51x)
      Saved to: optimization_results_targeted/best_iteration_0000_f1389.3.json

  [1010 evaluations, 6.7 min elapsed]

  *** NEW BEST: f(x) = 1389.29 at evaluation 1019
      H: 2.52e+13 (target: 5.18e+13, ratio: 0.49x)
      CH: 9.33e+09 (target: 1.00e+09, ratio: 9.33x)
      C2: 6.57e+10 (target: 1.30e+11, ratio: 0.51x)
      Saved to: optimization_results_targeted/best_iteration_0000_f1389.3.json

  [1020 evaluations, 6.8 min elapsed]

  *** NEW BEST: f(x) = 1389.29 at evaluation 1020
      H: 2.52e+13 (target: 5.18e+13, ratio: 0.49x)
      CH: 9.33e+09 (target: 1.00e+09, ratio: 9.33x)
      C2: 6.57e+10 (target: 1.30e+11, ratio: 0.51x)
      Saved to: optimization_results_targeted/best_iteration_0000_f1389.3.json

  [1030 evaluations, 6.9 min elapsed]
  [1040 evaluations, 7.0 min elapsed]

  *** NEW BEST: f(x) = 1386.78 at evaluation 1043
      H: 2.52e+13 (target: 5.18e+13, ratio: 0.49x)
      CH: 9.32e+09 (target: 1.00e+09, ratio: 9.32x)
      C2: 6.56e+10 (target: 1.30e+11, ratio: 0.50x)
      Saved to: optimization_results_targeted/best_iteration_0000_f1386.8.json


  *** NEW BEST: f(x) = 1386.78 at evaluation 1044
      H: 2.52e+13 (target: 5.18e+13, ratio: 0.49x)
      CH: 9.32e+09 (target: 1.00e+09, ratio: 9.32x)
      C2: 6.56e+10 (target: 1.30e+11, ratio: 0.50x)
      Saved to: optimization_results_targeted/best_iteration_0000_f1386.8.json

  [1050 evaluations, 7.0 min elapsed]
  [1060 evaluations, 7.1 min elapsed]

  *** NEW BEST: f(x) = 1386.78 at evaluation 1062
      H: 2.52e+13 (target: 5.18e+13, ratio: 0.49x)
      CH: 9.32e+09 (target: 1.00e+09, ratio: 9.32x)
      C2: 6.56e+10 (target: 1.30e+11, ratio: 0.50x)
      Saved to: optimization_results_targeted/best_iteration_0000_f1386.8.json


  *** NEW BEST: f(x) = 1386.78 at evaluation 1063
      H: 2.52e+13 (target: 5.18e+13, ratio: 0.49x)
      CH: 9.32e+09 (target: 1.00e+09, ratio: 9.32x)
      C2: 6.56e+10 (target: 1.30e+11, ratio: 0.50x)
      Saved to: optimization_results_targeted/best_iteration_0000_f1386.8.json

  [1070 evaluations, 7.2 min elapsed]
  [1080 evaluations, 7.2 min elapsed]

  *** NEW BEST: f(x) = 1376.81 at evaluation 1086
      H: 2.52e+13 (target: 5.18e+13, ratio: 0.49x)
      CH: 9.29e+09 (target: 1.00e+09, ratio: 9.29x)
      C2: 6.52e+10 (target: 1.30e+11, ratio: 0.50x)
      Saved to: optimization_results_targeted/best_iteration_0000_f1376.8.json


  *** NEW BEST: f(x) = 1376.81 at evaluation 1087
      H: 2.52e+13 (target: 5.18e+13, ratio: 0.49x)
      CH: 9.29e+09 (target: 1.00e+09, ratio: 9.29x)
      C2: 6.52e+10 (target: 1.30e+11, ratio: 0.50x)
      Saved to: optimization_results_targeted/best_iteration_0000_f1376.8.json

  [1090 evaluations, 7.3 min elapsed]
  [1100 evaluations, 7.4 min elapsed]

  *** NEW BEST: f(x) = 1376.81 at evaluation 1104
      H: 2.52e+13 (target: 5.18e+13, ratio: 0.49x)
      CH: 9.29e+09 (target: 1.00e+09, ratio: 9.29x)
      C2: 6.52e+10 (target: 1.30e+11, ratio: 0.50x)
      Saved to: optimization_results_targeted/best_iteration_0000_f1376.8.json


  *** NEW BEST: f(x) = 1376.81 at evaluation 1105
      H: 2.52e+13 (target: 5.18e+13, ratio: 0.49x)
      CH: 9.29e+09 (target: 1.00e+09, ratio: 9.29x)
      C2: 6.52e+10 (target: 1.30e+11, ratio: 0.50x)
      Saved to: optimization_results_targeted/best_iteration_0000_f1376.8.json


  *** NEW BEST: f(x) = 1376.81 at evaluation 1106
      H: 2.52e+13 (target: 5.18e+13, ratio: 0.49x)
      CH: 9.29e+09 (target: 1.00e+09, ratio: 9.29x)
      C2: 6.52e+10 (target: 1.30e+11, ratio: 0.50x)
      Saved to: optimization_results_targeted/best_iteration_0000_f1376.8.json

  [1110 evaluations, 7.5 min elapsed]
  [1120 evaluations, 7.5 min elapsed]

  *** NEW BEST: f(x) = 1337.75 at evaluation 1129
      H: 2.52e+13 (target: 5.18e+13, ratio: 0.49x)
      CH: 9.18e+09 (target: 1.00e+09, ratio: 9.18x)
      C2: 6.38e+10 (target: 1.30e+11, ratio: 0.49x)
      Saved to: optimization_results_targeted/best_iteration_0000_f1337.8.json

  [1130 evaluations, 7.6 min elapsed]

  *** NEW BEST: f(x) = 1337.75 at evaluation 1130
      H: 2.52e+13 (target: 5.18e+13, ratio: 0.49x)
      CH: 9.18e+09 (target: 1.00e+09, ratio: 9.18x)
      C2: 6.38e+10 (target: 1.30e+11, ratio: 0.49x)
      Saved to: optimization_results_targeted/best_iteration_0000_f1337.8.json

  [1140 evaluations, 7.7 min elapsed]

  *** NEW BEST: f(x) = 1337.75 at evaluation 1147
      H: 2.52e+13 (target: 5.18e+13, ratio: 0.49x)
      CH: 9.18e+09 (target: 1.00e+09, ratio: 9.18x)
      C2: 6.38e+10 (target: 1.30e+11, ratio: 0.49x)
      Saved to: optimization_results_targeted/best_iteration_0000_f1337.8.json


  *** NEW BEST: f(x) = 1337.75 at evaluation 1148
      H: 2.52e+13 (target: 5.18e+13, ratio: 0.49x)
      CH: 9.18e+09 (target: 1.00e+09, ratio: 9.18x)
      C2: 6.38e+10 (target: 1.30e+11, ratio: 0.49x)
      Saved to: optimization_results_targeted/best_iteration_0000_f1337.8.json


  *** NEW BEST: f(x) = 1337.75 at evaluation 1149
      H: 2.52e+13 (target: 5.18e+13, ratio: 0.49x)
      CH: 9.18e+09 (target: 1.00e+09, ratio: 9.18x)
      C2: 6.38e+10 (target: 1.30e+11, ratio: 0.49x)
      Saved to: optimization_results_targeted/best_iteration_0000_f1337.8.json

  [1150 evaluations, 7.7 min elapsed]
  [1160 evaluations, 7.8 min elapsed]
  [1170 evaluations, 7.9 min elapsed]

  *** NEW BEST: f(x) = 1193.98 at evaluation 1172
      H: 2.52e+13 (target: 5.18e+13, ratio: 0.49x)
      CH: 8.72e+09 (target: 1.00e+09, ratio: 8.72x)
      C2: 5.84e+10 (target: 1.30e+11, ratio: 0.45x)
      Saved to: optimization_results_targeted/best_iteration_0000_f1194.0.json


  *** NEW BEST: f(x) = 1193.98 at evaluation 1173
      H: 2.52e+13 (target: 5.18e+13, ratio: 0.49x)
      CH: 8.72e+09 (target: 1.00e+09, ratio: 8.72x)
      C2: 5.84e+10 (target: 1.30e+11, ratio: 0.45x)
      Saved to: optimization_results_targeted/best_iteration_0000_f1194.0.json

  [1180 evaluations, 7.9 min elapsed]
  [1190 evaluations, 8.0 min elapsed]

  *** NEW BEST: f(x) = 1193.98 at evaluation 1191
      H: 2.52e+13 (target: 5.18e+13, ratio: 0.49x)
      CH: 8.72e+09 (target: 1.00e+09, ratio: 8.72x)
      C2: 5.84e+10 (target: 1.30e+11, ratio: 0.45x)
      Saved to: optimization_results_targeted/best_iteration_0000_f1194.0.json


  *** NEW BEST: f(x) = 1193.98 at evaluation 1192
      H: 2.52e+13 (target: 5.18e+13, ratio: 0.49x)
      CH: 8.72e+09 (target: 1.00e+09, ratio: 8.72x)
      C2: 5.84e+10 (target: 1.30e+11, ratio: 0.45x)
      Saved to: optimization_results_targeted/best_iteration_0000_f1194.0.json

  [1200 evaluations, 8.1 min elapsed]
  [1210 evaluations, 8.1 min elapsed]

  *** NEW BEST: f(x) = 814.06 at evaluation 1215
      H: 2.52e+13 (target: 5.18e+13, ratio: 0.49x)
      CH: 7.37e+09 (target: 1.00e+09, ratio: 7.37x)
      C2: 5.13e+10 (target: 1.30e+11, ratio: 0.39x)
      Saved to: optimization_results_targeted/best_iteration_0000_f814.1.json

  [1220 evaluations, 8.2 min elapsed]
  [1230 evaluations, 8.3 min elapsed]
  [1240 evaluations, 8.4 min elapsed]
  [1250 evaluations, 8.4 min elapsed]

  *** NEW BEST: f(x) = 814.06 at evaluation 1258
      H: 2.52e+13 (target: 5.18e+13, ratio: 0.49x)
      CH: 7.37e+09 (target: 1.00e+09, ratio: 7.37x)
      C2: 5.13e+10 (target: 1.30e+11, ratio: 0.39x)
      Saved to: optimization_results_targeted/best_iteration_0000_f814.1.json

  [1260 evaluations, 8.5 min elapsed]

  *** NEW BEST: f(x) = 814.06 at evaluation 1262
      H: 2.52e+13 (target: 5.18e+13, ratio: 0.49x)
      CH: 7.37e+09 (target: 1.00e+09, ratio: 7.37x)
      C2: 5.13e+10 (target: 1.30e+11, ratio: 0.39x)
      Saved to: optimization_results_targeted/best_iteration_0000_f814.1.json


  *** NEW BEST: f(x) = 814.06 at evaluation 1265
      H: 2.52e+13 (target: 5.18e+13, ratio: 0.49x)
      CH: 7.37e+09 (target: 1.00e+09, ratio: 7.37x)
      C2: 5.13e+10 (target: 1.30e+11, ratio: 0.39x)
      Saved to: optimization_results_targeted/best_iteration_0000_f814.1.json

  [1270 evaluations, 8.6 min elapsed]
  [1280 evaluations, 8.7 min elapsed]
  [1290 evaluations, 8.7 min elapsed]
  [1300 evaluations, 8.8 min elapsed]

================================================================================
 OPTIMIZATION COMPLETE (8.8 minutes)
================================================================================

Final objective: 814.060383
Iterations: 15
Evaluations: 1300

✓ Final parameters saved to optimization_results_targeted/FINAL_RESULT.json
✓ Best result logs saved to optimization_results_targeted/best_iteration_*.json

Use these logs to analyze optimal parameter combinations.
