================================================================================
 V5 OPTIMIZATION - COMPREHENSIVE MULTI-TARGET STRATEGY
================================================================================

V5 STRATEGY (per user request - OPTIMIZE ALL TARGETS!):
  ✓ 150-200 tunable rates (ALL rates with range > 1.5x)
  ✓ Balanced weights: H=3x, CH=30x, C2=5x
  ✓ Chemistry-guided: Secondary pathways identified
  ✓ Charge penalty: 75x (moderate balance)
  ✓ Longer run: 20 iterations (vs 15 in V4)
  ✓ Ionization rates FIXED (per user guidance)

V4 result: H=0.40x, CH=5.30x, C2=0.32x
V5 goal: Get ALL THREE closer to 1.0x simultaneously!

Key secondary pathways to optimize:
  • H loss: H+CH4→CH3+H2 (75%!) and H wall (23%)
  • C2 loss: C2 wall (63%!), C2+H→CH (18.5%), C2 volume loss (18%)
  • CH: already at physical limits, need balanced approach

Selecting tunable rates...
  V5 COMPREHENSIVE selection: 106 rates
    - Tunable range (>1.5x): 81
    - Wall sticking: 28
    - Volume loss: 25
    - Electron-impact (no ionization): 18
    - Critical secondary pathways: 14
  Selected 106 key rates

Selected rates:
--------------------------------------------------------------------------------
 1. loss_C2_11_3                                  [1.00e-04, 2.00e+03] (20000000.0x)
 2. loss_C2H2Star_11_25                           [1.00e+02, 1.00e+04] (100.0x)
 3. loss_C3H4_11_18                               [1.00e+02, 1.50e+03] (15.0x)
 4. loss_C3H_11_10                                [1.00e+02, 1.00e+03] (10.0x)
 5. stick_ArStar_9_5                              [7.14e+01, 7.14e+02] (10.0x)
 6. loss_C3H3_11_13                               [1.00e+02, 1.00e+03] (10.0x)
 7. stick_H_9_1                                   [3.89e+02, 3.89e+03] (10.0x)
 8. loss_C3_11_14                                 [1.00e+02, 1.00e+03] (10.0x)
 9. loss_C3H6_11_16                               [1.00e+02, 1.00e+03] (10.0x)
10. ArStar_CH4_CH3_H_cm3_3_1                      [5.00e-11, 5.00e-10] (10.0x)
    ... and 96 more

 Optimization parameters:
  Tunable rates: 106 (including ion reactions)
  E field: [5, 300] V/cm (lower min to retain ions)
  Ne: [1.0e9, 5.0e9] cm^-3
  Total parameters: 108

 Targets:
  H:  5.18e+13 cm^-3
  CH: 1.00e+09 cm^-3  (heavily weighted)
  C2: 1.30e+11 cm^-3
  Ion/e ratio: 4.5x (range: 3-6x for sheath region)

================================================================================
 Running Charge-Balanced Optimization (15 iterations, pop=6)
================================================================================

Detailed logs will be saved to optimization_results_comprehensive_v5/
Best results will be logged with full chemistry breakdown.


  Creating warm-start population biased for CH REDUCTION...
  ✓ Population biased: E~50-100 V/cm, Ne~1.3e9, CH production MIN, CH loss MAX

  *** NEW BEST: f(x) = 8694.11 at evaluation 1
      H: 2.85e+13 (target: 5.18e+13, ratio: 0.55x)
      CH: 1.80e+10 (target: 1.00e+09, ratio: 17.96x)
      C2: 1.38e+11 (target: 1.30e+11, ratio: 1.06x)
      Ion/e ratio: 0.67x (target: 4.5x)
      Saved to: optimization_results_comprehensive_v5/best_iteration_0000_f8694.1.json


  *** NEW BEST: f(x) = 5136.89 at evaluation 2
      H: 2.37e+13 (target: 5.18e+13, ratio: 0.46x)
      CH: 1.40e+10 (target: 1.00e+09, ratio: 14.00x)
      C2: 1.81e+11 (target: 1.30e+11, ratio: 1.39x)
      Ion/e ratio: 0.37x (target: 4.5x)
      Saved to: optimization_results_comprehensive_v5/best_iteration_0000_f5136.9.json


  *** NEW BEST: f(x) = 4109.62 at evaluation 7
      H: 2.37e+13 (target: 5.18e+13, ratio: 0.46x)
      CH: 1.26e+10 (target: 1.00e+09, ratio: 12.61x)
      C2: 1.06e+11 (target: 1.30e+11, ratio: 0.81x)
      Ion/e ratio: 0.47x (target: 4.5x)
      Saved to: optimization_results_comprehensive_v5/best_iteration_0000_f4109.6.json

  [10 evaluations, 0.1 min elapsed]
differential_evolution step 1: f(x)= 4109.623673908181
differential_evolution step 2: f(x)= 4109.623673908181
  [20 evaluations, 0.1 min elapsed]

  *** NEW BEST: f(x) = 2769.11 at evaluation 20
      H: 2.26e+13 (target: 5.18e+13, ratio: 0.44x)
      CH: 1.05e+10 (target: 1.00e+09, ratio: 10.48x)
      C2: 8.40e+10 (target: 1.30e+11, ratio: 0.65x)
      Ion/e ratio: 0.36x (target: 4.5x)
      Saved to: optimization_results_comprehensive_v5/best_iteration_0000_f2769.1.json

differential_evolution step 3: f(x)= 2769.1117109579573

  *** NEW BEST: f(x) = 2195.90 at evaluation 25
      H: 2.10e+13 (target: 5.18e+13, ratio: 0.41x)
      CH: 9.42e+09 (target: 1.00e+09, ratio: 9.42x)
      C2: 6.24e+10 (target: 1.30e+11, ratio: 0.48x)
      Ion/e ratio: 0.42x (target: 4.5x)
      Saved to: optimization_results_comprehensive_v5/best_iteration_0000_f2195.9.json

  [30 evaluations, 0.2 min elapsed]
differential_evolution step 4: f(x)= 2195.8980440485875
differential_evolution step 5: f(x)= 2195.8980440485875
  [40 evaluations, 0.3 min elapsed]
differential_evolution step 6: f(x)= 2195.8980440485875
differential_evolution step 7: f(x)= 2195.8980440485875
  [50 evaluations, 0.3 min elapsed]
differential_evolution step 8: f(x)= 2195.8980440485875
  [60 evaluations, 0.4 min elapsed]
differential_evolution step 9: f(x)= 2195.8980440485875
differential_evolution step 10: f(x)= 2195.8980440485875
  [70 evaluations, 0.5 min elapsed]
differential_evolution step 11: f(x)= 2195.8980440485875

  *** NEW BEST: f(x) = 2134.18 at evaluation 77
      H: 2.09e+13 (target: 5.18e+13, ratio: 0.40x)
      CH: 9.30e+09 (target: 1.00e+09, ratio: 9.30x)
      C2: 7.48e+10 (target: 1.30e+11, ratio: 0.58x)
      Ion/e ratio: 0.53x (target: 4.5x)
      Saved to: optimization_results_comprehensive_v5/best_iteration_0000_f2134.2.json

differential_evolution step 12: f(x)= 2134.1814503984638
  [80 evaluations, 0.5 min elapsed]

  *** NEW BEST: f(x) = 1858.42 at evaluation 83
      H: 2.21e+13 (target: 5.18e+13, ratio: 0.43x)
      CH: 8.73e+09 (target: 1.00e+09, ratio: 8.73x)
      C2: 6.09e+10 (target: 1.30e+11, ratio: 0.47x)
      Ion/e ratio: 0.57x (target: 4.5x)
      Saved to: optimization_results_comprehensive_v5/best_iteration_0000_f1858.4.json

differential_evolution step 13: f(x)= 1858.4166427457258
  [90 evaluations, 0.6 min elapsed]
differential_evolution step 14: f(x)= 1858.4166427457258
differential_evolution step 15: f(x)= 1858.4166427457258
  [100 evaluations, 0.7 min elapsed]

  *** NEW BEST: f(x) = 1728.05 at evaluation 100
      H: 2.12e+13 (target: 5.18e+13, ratio: 0.41x)
      CH: 8.44e+09 (target: 1.00e+09, ratio: 8.44x)
      C2: 8.07e+10 (target: 1.30e+11, ratio: 0.62x)
      Ion/e ratio: 0.54x (target: 4.5x)
      Saved to: optimization_results_comprehensive_v5/best_iteration_0000_f1728.1.json

differential_evolution step 16: f(x)= 1728.0538302979123
differential_evolution step 17: f(x)= 1728.0538302979123
  [110 evaluations, 0.7 min elapsed]

  *** NEW BEST: f(x) = 1508.03 at evaluation 112
      H: 2.15e+13 (target: 5.18e+13, ratio: 0.41x)
      CH: 7.93e+09 (target: 1.00e+09, ratio: 7.93x)
      C2: 6.45e+10 (target: 1.30e+11, ratio: 0.50x)
      Ion/e ratio: 0.54x (target: 4.5x)
      Saved to: optimization_results_comprehensive_v5/best_iteration_0000_f1508.0.json

differential_evolution step 18: f(x)= 1508.0285202090008
  [120 evaluations, 0.8 min elapsed]
differential_evolution step 19: f(x)= 1508.0285202090008
differential_evolution step 20: f(x)= 1508.0285202090008
Polishing solution with 'L-BFGS-B'

  *** NEW BEST: f(x) = 1508.03 at evaluation 128
      H: 2.15e+13 (target: 5.18e+13, ratio: 0.41x)
      CH: 7.93e+09 (target: 1.00e+09, ratio: 7.93x)
      C2: 6.45e+10 (target: 1.30e+11, ratio: 0.50x)
      Ion/e ratio: 0.54x (target: 4.5x)
      Saved to: optimization_results_comprehensive_v5/best_iteration_0000_f1508.0.json

  [130 evaluations, 0.9 min elapsed]

  *** NEW BEST: f(x) = 1508.03 at evaluation 134
      H: 2.15e+13 (target: 5.18e+13, ratio: 0.41x)
      CH: 7.93e+09 (target: 1.00e+09, ratio: 7.93x)
      C2: 6.45e+10 (target: 1.30e+11, ratio: 0.50x)
      Ion/e ratio: 0.54x (target: 4.5x)
      Saved to: optimization_results_comprehensive_v5/best_iteration_0000_f1508.0.json


  *** NEW BEST: f(x) = 1502.37 at evaluation 137
      H: 2.15e+13 (target: 5.18e+13, ratio: 0.41x)
      CH: 7.92e+09 (target: 1.00e+09, ratio: 7.92x)
      C2: 6.43e+10 (target: 1.30e+11, ratio: 0.49x)
      Ion/e ratio: 0.63x (target: 4.5x)
      Saved to: optimization_results_comprehensive_v5/best_iteration_0000_f1502.4.json

  [140 evaluations, 0.9 min elapsed]
  [150 evaluations, 1.0 min elapsed]
  [160 evaluations, 1.0 min elapsed]
  [170 evaluations, 1.1 min elapsed]
  [180 evaluations, 1.2 min elapsed]
  [190 evaluations, 1.2 min elapsed]
  [200 evaluations, 1.3 min elapsed]

  *** NEW BEST: f(x) = 1323.23 at evaluation 202
      H: 2.16e+13 (target: 5.18e+13, ratio: 0.42x)
      CH: 7.47e+09 (target: 1.00e+09, ratio: 7.47x)
      C2: 6.49e+10 (target: 1.30e+11, ratio: 0.50x)
      Ion/e ratio: 0.54x (target: 4.5x)
      Saved to: optimization_results_comprehensive_v5/best_iteration_0000_f1323.2.json

  [210 evaluations, 1.4 min elapsed]

  *** NEW BEST: f(x) = 1319.63 at evaluation 210
      H: 2.15e+13 (target: 5.18e+13, ratio: 0.41x)
      CH: 7.46e+09 (target: 1.00e+09, ratio: 7.46x)
      C2: 4.88e+10 (target: 1.30e+11, ratio: 0.38x)
      Ion/e ratio: 0.54x (target: 4.5x)
      Saved to: optimization_results_comprehensive_v5/best_iteration_0000_f1319.6.json

  [220 evaluations, 1.4 min elapsed]
  [230 evaluations, 1.5 min elapsed]

  *** NEW BEST: f(x) = 674.59 at evaluation 230
      H: 2.07e+13 (target: 5.18e+13, ratio: 0.40x)
      CH: 5.48e+09 (target: 1.00e+09, ratio: 5.48x)
      C2: 4.78e+10 (target: 1.30e+11, ratio: 0.37x)
      Ion/e ratio: 0.35x (target: 4.5x)
      Saved to: optimization_results_comprehensive_v5/best_iteration_0000_f674.6.json


  *** NEW BEST: f(x) = 674.59 at evaluation 231
      H: 2.07e+13 (target: 5.18e+13, ratio: 0.40x)
      CH: 5.48e+09 (target: 1.00e+09, ratio: 5.48x)
      C2: 4.78e+10 (target: 1.30e+11, ratio: 0.37x)
      Ion/e ratio: 0.35x (target: 4.5x)
      Saved to: optimization_results_comprehensive_v5/best_iteration_0000_f674.6.json


  *** NEW BEST: f(x) = 674.59 at evaluation 237
      H: 2.07e+13 (target: 5.18e+13, ratio: 0.40x)
      CH: 5.48e+09 (target: 1.00e+09, ratio: 5.48x)
      C2: 4.78e+10 (target: 1.30e+11, ratio: 0.37x)
      Ion/e ratio: 0.35x (target: 4.5x)
      Saved to: optimization_results_comprehensive_v5/best_iteration_0000_f674.6.json

  [240 evaluations, 1.6 min elapsed]
  [250 evaluations, 1.7 min elapsed]
  [260 evaluations, 1.7 min elapsed]

  *** NEW BEST: f(x) = 673.66 at evaluation 267
      H: 2.07e+13 (target: 5.18e+13, ratio: 0.40x)
      CH: 5.49e+09 (target: 1.00e+09, ratio: 5.49x)
      C2: 4.79e+10 (target: 1.30e+11, ratio: 0.37x)
      Ion/e ratio: 0.57x (target: 4.5x)
      Saved to: optimization_results_comprehensive_v5/best_iteration_0000_f673.7.json

  [270 evaluations, 1.8 min elapsed]
  [280 evaluations, 1.9 min elapsed]
  [290 evaluations, 1.9 min elapsed]
  [300 evaluations, 2.0 min elapsed]
  [310 evaluations, 2.0 min elapsed]
  [320 evaluations, 2.1 min elapsed]
  [330 evaluations, 2.2 min elapsed]
  [340 evaluations, 2.2 min elapsed]
  [350 evaluations, 2.3 min elapsed]
  [360 evaluations, 2.3 min elapsed]
  [370 evaluations, 2.4 min elapsed]

  *** NEW BEST: f(x) = 673.66 at evaluation 370
      H: 2.07e+13 (target: 5.18e+13, ratio: 0.40x)
      CH: 5.49e+09 (target: 1.00e+09, ratio: 5.49x)
      C2: 4.79e+10 (target: 1.30e+11, ratio: 0.37x)
      Ion/e ratio: 0.57x (target: 4.5x)
      Saved to: optimization_results_comprehensive_v5/best_iteration_0000_f673.7.json

  [380 evaluations, 2.5 min elapsed]
  [390 evaluations, 2.6 min elapsed]
  [400 evaluations, 2.6 min elapsed]
  [410 evaluations, 2.7 min elapsed]
  [420 evaluations, 2.7 min elapsed]
  [430 evaluations, 2.8 min elapsed]
  [440 evaluations, 2.9 min elapsed]
  [450 evaluations, 2.9 min elapsed]
  [460 evaluations, 3.0 min elapsed]
  [470 evaluations, 3.0 min elapsed]

  *** NEW BEST: f(x) = 673.66 at evaluation 473
      H: 2.07e+13 (target: 5.18e+13, ratio: 0.40x)
      CH: 5.49e+09 (target: 1.00e+09, ratio: 5.49x)
      C2: 4.79e+10 (target: 1.30e+11, ratio: 0.37x)
      Ion/e ratio: 0.57x (target: 4.5x)
      Saved to: optimization_results_comprehensive_v5/best_iteration_0000_f673.7.json

  [480 evaluations, 3.1 min elapsed]
  [490 evaluations, 3.2 min elapsed]
  [500 evaluations, 3.2 min elapsed]
  [510 evaluations, 3.3 min elapsed]
  [520 evaluations, 3.3 min elapsed]
  [530 evaluations, 3.4 min elapsed]
  [540 evaluations, 3.5 min elapsed]
  [550 evaluations, 3.5 min elapsed]
  [560 evaluations, 3.6 min elapsed]
  [570 evaluations, 3.6 min elapsed]

  *** NEW BEST: f(x) = 673.66 at evaluation 576
      H: 2.07e+13 (target: 5.18e+13, ratio: 0.40x)
      CH: 5.49e+09 (target: 1.00e+09, ratio: 5.49x)
      C2: 4.79e+10 (target: 1.30e+11, ratio: 0.37x)
      Ion/e ratio: 0.57x (target: 4.5x)
      Saved to: optimization_results_comprehensive_v5/best_iteration_0000_f673.7.json

  [580 evaluations, 3.7 min elapsed]
  [590 evaluations, 3.8 min elapsed]
  [600 evaluations, 3.8 min elapsed]
  [610 evaluations, 3.9 min elapsed]
  [620 evaluations, 3.9 min elapsed]
  [630 evaluations, 4.0 min elapsed]
  [640 evaluations, 4.1 min elapsed]
  [650 evaluations, 4.1 min elapsed]
  [660 evaluations, 4.2 min elapsed]
  [670 evaluations, 4.3 min elapsed]

  *** NEW BEST: f(x) = 673.66 at evaluation 679
      H: 2.07e+13 (target: 5.18e+13, ratio: 0.40x)
      CH: 5.49e+09 (target: 1.00e+09, ratio: 5.49x)
      C2: 4.79e+10 (target: 1.30e+11, ratio: 0.37x)
      Ion/e ratio: 0.57x (target: 4.5x)
      Saved to: optimization_results_comprehensive_v5/best_iteration_0000_f673.7.json

  [680 evaluations, 4.3 min elapsed]
  [690 evaluations, 4.4 min elapsed]
  [700 evaluations, 4.4 min elapsed]
  [710 evaluations, 4.5 min elapsed]
  [720 evaluations, 4.6 min elapsed]
  [730 evaluations, 4.6 min elapsed]
  [740 evaluations, 4.7 min elapsed]
  [750 evaluations, 4.7 min elapsed]
  [760 evaluations, 4.8 min elapsed]
  [770 evaluations, 4.9 min elapsed]
  [780 evaluations, 4.9 min elapsed]

  *** NEW BEST: f(x) = 673.66 at evaluation 782
      H: 2.07e+13 (target: 5.18e+13, ratio: 0.40x)
      CH: 5.49e+09 (target: 1.00e+09, ratio: 5.49x)
      C2: 4.79e+10 (target: 1.30e+11, ratio: 0.37x)
      Ion/e ratio: 0.57x (target: 4.5x)
      Saved to: optimization_results_comprehensive_v5/best_iteration_0000_f673.7.json

  [790 evaluations, 5.0 min elapsed]
  [800 evaluations, 5.0 min elapsed]
  [810 evaluations, 5.1 min elapsed]
  [820 evaluations, 5.2 min elapsed]
  [830 evaluations, 5.2 min elapsed]
  [840 evaluations, 5.3 min elapsed]
  [850 evaluations, 5.3 min elapsed]
  [860 evaluations, 5.4 min elapsed]
  [870 evaluations, 5.5 min elapsed]
  [880 evaluations, 5.5 min elapsed]

  *** NEW BEST: f(x) = 673.66 at evaluation 885
      H: 2.07e+13 (target: 5.18e+13, ratio: 0.40x)
      CH: 5.49e+09 (target: 1.00e+09, ratio: 5.49x)
      C2: 4.79e+10 (target: 1.30e+11, ratio: 0.37x)
      Ion/e ratio: 0.57x (target: 4.5x)
      Saved to: optimization_results_comprehensive_v5/best_iteration_0000_f673.7.json

  [890 evaluations, 5.6 min elapsed]
  [900 evaluations, 5.6 min elapsed]
  [910 evaluations, 5.7 min elapsed]
  [920 evaluations, 5.8 min elapsed]
  [930 evaluations, 5.8 min elapsed]
  [940 evaluations, 5.9 min elapsed]
  [950 evaluations, 5.9 min elapsed]
  [960 evaluations, 6.0 min elapsed]
  [970 evaluations, 6.1 min elapsed]
  [980 evaluations, 6.1 min elapsed]

  *** NEW BEST: f(x) = 673.66 at evaluation 988
      H: 2.07e+13 (target: 5.18e+13, ratio: 0.40x)
      CH: 5.49e+09 (target: 1.00e+09, ratio: 5.49x)
      C2: 4.79e+10 (target: 1.30e+11, ratio: 0.37x)
      Ion/e ratio: 0.57x (target: 4.5x)
      Saved to: optimization_results_comprehensive_v5/best_iteration_0000_f673.7.json

  [990 evaluations, 6.2 min elapsed]
  [1000 evaluations, 6.2 min elapsed]
  [1010 evaluations, 6.3 min elapsed]
  [1020 evaluations, 6.4 min elapsed]
  [1030 evaluations, 6.4 min elapsed]
  [1040 evaluations, 6.5 min elapsed]
  [1050 evaluations, 6.5 min elapsed]
  [1060 evaluations, 6.6 min elapsed]
  [1070 evaluations, 6.7 min elapsed]
  [1080 evaluations, 6.7 min elapsed]
  [1090 evaluations, 6.8 min elapsed]

  *** NEW BEST: f(x) = 673.66 at evaluation 1091
      H: 2.07e+13 (target: 5.18e+13, ratio: 0.40x)
      CH: 5.49e+09 (target: 1.00e+09, ratio: 5.49x)
      C2: 4.79e+10 (target: 1.30e+11, ratio: 0.37x)
      Ion/e ratio: 0.57x (target: 4.5x)
      Saved to: optimization_results_comprehensive_v5/best_iteration_0000_f673.7.json

  [1100 evaluations, 6.9 min elapsed]
  [1110 evaluations, 7.0 min elapsed]
  [1120 evaluations, 7.0 min elapsed]
  [1130 evaluations, 7.1 min elapsed]
  [1140 evaluations, 7.2 min elapsed]
  [1150 evaluations, 7.2 min elapsed]

  *** NEW BEST: f(x) = 673.66 at evaluation 1157
      H: 2.07e+13 (target: 5.18e+13, ratio: 0.40x)
      CH: 5.49e+09 (target: 1.00e+09, ratio: 5.49x)
      C2: 4.79e+10 (target: 1.30e+11, ratio: 0.37x)
      Ion/e ratio: 0.57x (target: 4.5x)
      Saved to: optimization_results_comprehensive_v5/best_iteration_0000_f673.7.json


  *** NEW BEST: f(x) = 673.66 at evaluation 1158
      H: 2.07e+13 (target: 5.18e+13, ratio: 0.40x)
      CH: 5.49e+09 (target: 1.00e+09, ratio: 5.49x)
      C2: 4.79e+10 (target: 1.30e+11, ratio: 0.37x)
      Ion/e ratio: 0.57x (target: 4.5x)
      Saved to: optimization_results_comprehensive_v5/best_iteration_0000_f673.7.json

  [1160 evaluations, 7.3 min elapsed]

  *** NEW BEST: f(x) = 673.66 at evaluation 1164
      H: 2.07e+13 (target: 5.18e+13, ratio: 0.40x)
      CH: 5.49e+09 (target: 1.00e+09, ratio: 5.49x)
      C2: 4.79e+10 (target: 1.30e+11, ratio: 0.37x)
      Ion/e ratio: 0.57x (target: 4.5x)
      Saved to: optimization_results_comprehensive_v5/best_iteration_0000_f673.7.json

  [1170 evaluations, 7.4 min elapsed]
  [1180 evaluations, 7.4 min elapsed]
  [1190 evaluations, 7.5 min elapsed]
  [1200 evaluations, 7.5 min elapsed]

  *** NEW BEST: f(x) = 673.66 at evaluation 1201
      H: 2.07e+13 (target: 5.18e+13, ratio: 0.40x)
      CH: 5.49e+09 (target: 1.00e+09, ratio: 5.49x)
      C2: 4.79e+10 (target: 1.30e+11, ratio: 0.37x)
      Ion/e ratio: 0.57x (target: 4.5x)
      Saved to: optimization_results_comprehensive_v5/best_iteration_0000_f673.7.json

  [1210 evaluations, 7.6 min elapsed]
  [1220 evaluations, 7.7 min elapsed]
  [1230 evaluations, 7.7 min elapsed]
  [1240 evaluations, 7.8 min elapsed]
  [1250 evaluations, 7.8 min elapsed]
  [1260 evaluations, 7.9 min elapsed]
  [1270 evaluations, 8.0 min elapsed]
  [1280 evaluations, 8.0 min elapsed]
  [1290 evaluations, 8.1 min elapsed]
  [1300 evaluations, 8.2 min elapsed]

  *** NEW BEST: f(x) = 673.66 at evaluation 1304
      H: 2.07e+13 (target: 5.18e+13, ratio: 0.40x)
      CH: 5.49e+09 (target: 1.00e+09, ratio: 5.49x)
      C2: 4.79e+10 (target: 1.30e+11, ratio: 0.37x)
      Ion/e ratio: 0.57x (target: 4.5x)
      Saved to: optimization_results_comprehensive_v5/best_iteration_0000_f673.7.json

  [1310 evaluations, 8.2 min elapsed]
  [1320 evaluations, 8.3 min elapsed]
  [1330 evaluations, 8.3 min elapsed]
  [1340 evaluations, 8.4 min elapsed]
  [1350 evaluations, 8.5 min elapsed]
  [1360 evaluations, 8.5 min elapsed]
  [1370 evaluations, 8.6 min elapsed]
  [1380 evaluations, 8.6 min elapsed]
  [1390 evaluations, 8.7 min elapsed]
  [1400 evaluations, 8.8 min elapsed]
  [1410 evaluations, 8.8 min elapsed]
  [1420 evaluations, 8.9 min elapsed]
  [1430 evaluations, 8.9 min elapsed]
  [1440 evaluations, 9.0 min elapsed]
  [1450 evaluations, 9.1 min elapsed]
  [1460 evaluations, 9.1 min elapsed]
  [1470 evaluations, 9.2 min elapsed]
  [1480 evaluations, 9.3 min elapsed]
  [1490 evaluations, 9.3 min elapsed]
  [1500 evaluations, 9.4 min elapsed]
  [1510 evaluations, 9.5 min elapsed]
  [1520 evaluations, 9.5 min elapsed]
  [1530 evaluations, 9.6 min elapsed]
  [1540 evaluations, 9.6 min elapsed]
  [1550 evaluations, 9.7 min elapsed]
  [1560 evaluations, 9.8 min elapsed]
  [1570 evaluations, 9.8 min elapsed]
