================================================================================
 V4 OPTIMIZATION - CH-FOCUSED STRATEGY
================================================================================

V4 STRATEGY (per user request - PRIORITIZE CH!):
  ✓ CH weight: 40x (DOUBLED from 20x)
  ✓ Charge penalty: 50x (REDUCED from 200x)
  ✓ 101 tunable rates (proven effective in V3)
  ✓ ALL wall sticking + volume loss rates
  ✓ Most electron-impact (no ionization)
  ✓ Ionization rates FIXED (per user guidance)

V3 best: CH = 5.82x (f=618), but ion/e = 1.10x
V4 goal: Prioritize CH reduction → get closer to 1.0x!

Selecting tunable rates...
  V3 expanded selection: 101 rates
    - Wall sticking: 28
    - Volume loss: 25
    - Electron-impact (no ionization): 18
    - Range > 2x: 69
  Selected 101 key rates

Selected rates:
--------------------------------------------------------------------------------
 1. loss_C2_11_3                                  [1.00e-04, 2.00e+03] (20000000.0x)
 2. loss_C2H2Star_11_25                           [1.00e+02, 1.00e+04] (100.0x)
 3. loss_C3H4_11_18                               [1.00e+02, 1.50e+03] (15.0x)
 4. loss_CH_11_9                                  [1.00e+03, 1.00e+04] (10.0x)
 5. stick_ArStar_9_5                              [7.14e+01, 7.14e+02] (10.0x)
 6. loss_C3H_11_10                                [1.00e+02, 1.00e+03] (10.0x)
 7. loss_C4H_11_15                                [1.00e+02, 1.00e+03] (10.0x)
 8. loss_C3H3_11_13                               [1.00e+02, 1.00e+03] (10.0x)
 9. loss_C3H6_11_16                               [1.00e+02, 1.00e+03] (10.0x)
10. loss_C4H2_11_11                               [1.00e+02, 1.00e+03] (10.0x)
    ... and 91 more

 Optimization parameters:
  Tunable rates: 101 (including ion reactions)
  E field: [5, 300] V/cm (lower min to retain ions)
  Ne: [1.0e9, 5.0e9] cm^-3
  Total parameters: 103

 Targets:
  H:  5.18e+13 cm^-3
  CH: 1.00e+09 cm^-3  (heavily weighted)
  C2: 1.30e+11 cm^-3
  Ion/e ratio: 4.5x (range: 3-6x for sheath region)

================================================================================
 Running Charge-Balanced Optimization (15 iterations, pop=6)
================================================================================

Detailed logs will be saved to optimization_results_ch_focused_v4/
Best results will be logged with full chemistry breakdown.


  Creating warm-start population biased for CH REDUCTION...
  ✓ Population biased: E~50-100 V/cm, Ne~1.3e9, CH production MIN, CH loss MAX

  *** NEW BEST: f(x) = 56726.24 at evaluation 1
      H: 3.71e+13 (target: 5.18e+13, ratio: 0.72x)
      CH: 3.86e+10 (target: 1.00e+09, ratio: 38.63x)
      C2: 5.35e+11 (target: 1.30e+11, ratio: 4.11x)
      Ion/e ratio: 0.56x (target: 4.5x)
      Saved to: optimization_results_ch_focused_v4/best_iteration_0000_f56726.2.json


  *** NEW BEST: f(x) = 13627.85 at evaluation 2
      H: 2.51e+13 (target: 5.18e+13, ratio: 0.48x)
      CH: 1.94e+10 (target: 1.00e+09, ratio: 19.42x)
      C2: 2.98e+11 (target: 1.30e+11, ratio: 2.29x)
      Ion/e ratio: 0.58x (target: 4.5x)
      Saved to: optimization_results_ch_focused_v4/best_iteration_0000_f13627.9.json


  *** NEW BEST: f(x) = 6227.56 at evaluation 6
      H: 2.31e+13 (target: 5.18e+13, ratio: 0.45x)
      CH: 1.34e+10 (target: 1.00e+09, ratio: 13.44x)
      C2: 1.36e+11 (target: 1.30e+11, ratio: 1.04x)
      Ion/e ratio: 0.81x (target: 4.5x)
      Saved to: optimization_results_ch_focused_v4/best_iteration_0000_f6227.6.json


  *** NEW BEST: f(x) = 5002.15 at evaluation 7
      H: 2.24e+13 (target: 5.18e+13, ratio: 0.43x)
      CH: 1.21e+10 (target: 1.00e+09, ratio: 12.14x)
      C2: 1.03e+11 (target: 1.30e+11, ratio: 0.79x)
      Ion/e ratio: 0.82x (target: 4.5x)
      Saved to: optimization_results_ch_focused_v4/best_iteration_0000_f5002.2.json

  [10 evaluations, 0.1 min elapsed]
differential_evolution step 1: f(x)= 5002.154242676826
differential_evolution step 2: f(x)= 5002.154242676826
  [20 evaluations, 0.1 min elapsed]
differential_evolution step 3: f(x)= 5002.154242676826

  *** NEW BEST: f(x) = 3961.53 at evaluation 25
      H: 2.23e+13 (target: 5.18e+13, ratio: 0.43x)
      CH: 1.09e+10 (target: 1.00e+09, ratio: 10.93x)
      C2: 9.10e+10 (target: 1.30e+11, ratio: 0.70x)
      Ion/e ratio: 3.16x (target: 4.5x)
      Saved to: optimization_results_ch_focused_v4/best_iteration_0000_f3961.5.json

  [30 evaluations, 0.2 min elapsed]
differential_evolution step 4: f(x)= 3961.5290430552277
differential_evolution step 5: f(x)= 3961.5290430552277
  [40 evaluations, 0.3 min elapsed]
differential_evolution step 6: f(x)= 3961.5290430552277

  *** NEW BEST: f(x) = 3955.06 at evaluation 47
      H: 2.38e+13 (target: 5.18e+13, ratio: 0.46x)
      CH: 1.09e+10 (target: 1.00e+09, ratio: 10.89x)
      C2: 8.16e+10 (target: 1.30e+11, ratio: 0.63x)
      Ion/e ratio: 0.67x (target: 4.5x)
      Saved to: optimization_results_ch_focused_v4/best_iteration_0000_f3955.1.json

differential_evolution step 7: f(x)= 3955.0554904276482

  *** NEW BEST: f(x) = 3755.27 at evaluation 49
      H: 2.27e+13 (target: 5.18e+13, ratio: 0.44x)
      CH: 1.06e+10 (target: 1.00e+09, ratio: 10.63x)
      C2: 7.99e+10 (target: 1.30e+11, ratio: 0.61x)
      Ion/e ratio: 0.56x (target: 4.5x)
      Saved to: optimization_results_ch_focused_v4/best_iteration_0000_f3755.3.json

  [50 evaluations, 0.3 min elapsed]
differential_evolution step 8: f(x)= 3755.274302048802

  *** NEW BEST: f(x) = 3377.87 at evaluation 56
      H: 2.16e+13 (target: 5.18e+13, ratio: 0.42x)
      CH: 1.01e+10 (target: 1.00e+09, ratio: 10.13x)
      C2: 5.86e+10 (target: 1.30e+11, ratio: 0.45x)
      Ion/e ratio: 0.60x (target: 4.5x)
      Saved to: optimization_results_ch_focused_v4/best_iteration_0000_f3377.9.json

  [60 evaluations, 0.4 min elapsed]
differential_evolution step 9: f(x)= 3377.8724795528647

  *** NEW BEST: f(x) = 3137.91 at evaluation 65
      H: 2.19e+13 (target: 5.18e+13, ratio: 0.42x)
      CH: 9.79e+09 (target: 1.00e+09, ratio: 9.79x)
      C2: 7.04e+10 (target: 1.30e+11, ratio: 0.54x)
      Ion/e ratio: 0.45x (target: 4.5x)
      Saved to: optimization_results_ch_focused_v4/best_iteration_0000_f3137.9.json

differential_evolution step 10: f(x)= 3137.9081118480885

  *** NEW BEST: f(x) = 3067.77 at evaluation 67
      H: 2.19e+13 (target: 5.18e+13, ratio: 0.42x)
      CH: 9.69e+09 (target: 1.00e+09, ratio: 9.69x)
      C2: 6.78e+10 (target: 1.30e+11, ratio: 0.52x)
      Ion/e ratio: 0.44x (target: 4.5x)
      Saved to: optimization_results_ch_focused_v4/best_iteration_0000_f3067.8.json

  [70 evaluations, 0.5 min elapsed]

  *** NEW BEST: f(x) = 2855.98 at evaluation 71
      H: 2.16e+13 (target: 5.18e+13, ratio: 0.42x)
      CH: 9.38e+09 (target: 1.00e+09, ratio: 9.38x)
      C2: 6.38e+10 (target: 1.30e+11, ratio: 0.49x)
      Ion/e ratio: 0.32x (target: 4.5x)
      Saved to: optimization_results_ch_focused_v4/best_iteration_0000_f2856.0.json

differential_evolution step 11: f(x)= 2855.979887338749
differential_evolution step 12: f(x)= 2855.979887338749
  [80 evaluations, 0.5 min elapsed]

  *** NEW BEST: f(x) = 2848.14 at evaluation 82
      H: 2.19e+13 (target: 5.18e+13, ratio: 0.42x)
      CH: 9.37e+09 (target: 1.00e+09, ratio: 9.37x)
      C2: 6.20e+10 (target: 1.30e+11, ratio: 0.48x)
      Ion/e ratio: 0.30x (target: 4.5x)
      Saved to: optimization_results_ch_focused_v4/best_iteration_0000_f2848.1.json


  *** NEW BEST: f(x) = 2558.56 at evaluation 84
      H: 2.13e+13 (target: 5.18e+13, ratio: 0.41x)
      CH: 8.93e+09 (target: 1.00e+09, ratio: 8.93x)
      C2: 6.04e+10 (target: 1.30e+11, ratio: 0.46x)
      Ion/e ratio: 0.89x (target: 4.5x)
      Saved to: optimization_results_ch_focused_v4/best_iteration_0000_f2558.6.json

differential_evolution step 13: f(x)= 2558.5576471100408
  [90 evaluations, 0.6 min elapsed]
differential_evolution step 14: f(x)= 2558.5576471100408

  *** NEW BEST: f(x) = 2512.70 at evaluation 91
      H: 2.12e+13 (target: 5.18e+13, ratio: 0.41x)
      CH: 8.85e+09 (target: 1.00e+09, ratio: 8.85x)
      C2: 5.65e+10 (target: 1.30e+11, ratio: 0.43x)
      Ion/e ratio: 0.35x (target: 4.5x)
      Saved to: optimization_results_ch_focused_v4/best_iteration_0000_f2512.7.json


  *** NEW BEST: f(x) = 2384.94 at evaluation 92
      H: 2.10e+13 (target: 5.18e+13, ratio: 0.41x)
      CH: 8.64e+09 (target: 1.00e+09, ratio: 8.64x)
      C2: 4.69e+10 (target: 1.30e+11, ratio: 0.36x)
      Ion/e ratio: 0.29x (target: 4.5x)
      Saved to: optimization_results_ch_focused_v4/best_iteration_0000_f2384.9.json

differential_evolution step 15: f(x)= 2384.941413388677
Polishing solution with 'L-BFGS-B'

  *** NEW BEST: f(x) = 2384.94 at evaluation 98
      H: 2.10e+13 (target: 5.18e+13, ratio: 0.41x)
      CH: 8.64e+09 (target: 1.00e+09, ratio: 8.64x)
      C2: 4.69e+10 (target: 1.30e+11, ratio: 0.36x)
      Ion/e ratio: 0.29x (target: 4.5x)
      Saved to: optimization_results_ch_focused_v4/best_iteration_0000_f2384.9.json

  [100 evaluations, 0.7 min elapsed]

  *** NEW BEST: f(x) = 2376.11 at evaluation 109
      H: 2.10e+13 (target: 5.18e+13, ratio: 0.41x)
      CH: 8.63e+09 (target: 1.00e+09, ratio: 8.63x)
      C2: 4.67e+10 (target: 1.30e+11, ratio: 0.36x)
      Ion/e ratio: 0.35x (target: 4.5x)
      Saved to: optimization_results_ch_focused_v4/best_iteration_0000_f2376.1.json

  [110 evaluations, 0.7 min elapsed]

  *** NEW BEST: f(x) = 1631.30 at evaluation 112
      H: 2.10e+13 (target: 5.18e+13, ratio: 0.41x)
      CH: 7.29e+09 (target: 1.00e+09, ratio: 7.29x)
      C2: 4.67e+10 (target: 1.30e+11, ratio: 0.36x)
      Ion/e ratio: 0.29x (target: 4.5x)
      Saved to: optimization_results_ch_focused_v4/best_iteration_0000_f1631.3.json

  [120 evaluations, 0.8 min elapsed]
  [130 evaluations, 0.8 min elapsed]
  [140 evaluations, 0.9 min elapsed]
  [150 evaluations, 0.9 min elapsed]
  [160 evaluations, 1.0 min elapsed]
  [170 evaluations, 1.1 min elapsed]
  [180 evaluations, 1.1 min elapsed]
  [190 evaluations, 1.2 min elapsed]

  *** NEW BEST: f(x) = 790.56 at evaluation 195
      H: 2.09e+13 (target: 5.18e+13, ratio: 0.40x)
      CH: 5.30e+09 (target: 1.00e+09, ratio: 5.30x)
      C2: 4.21e+10 (target: 1.30e+11, ratio: 0.32x)
      Ion/e ratio: 0.15x (target: 4.5x)
      Saved to: optimization_results_ch_focused_v4/best_iteration_0000_f790.6.json


  *** NEW BEST: f(x) = 790.56 at evaluation 196
      H: 2.09e+13 (target: 5.18e+13, ratio: 0.40x)
      CH: 5.30e+09 (target: 1.00e+09, ratio: 5.30x)
      C2: 4.21e+10 (target: 1.30e+11, ratio: 0.32x)
      Ion/e ratio: 0.15x (target: 4.5x)
      Saved to: optimization_results_ch_focused_v4/best_iteration_0000_f790.6.json

  [200 evaluations, 1.2 min elapsed]

  *** NEW BEST: f(x) = 790.56 at evaluation 208
      H: 2.09e+13 (target: 5.18e+13, ratio: 0.40x)
      CH: 5.30e+09 (target: 1.00e+09, ratio: 5.30x)
      C2: 4.21e+10 (target: 1.30e+11, ratio: 0.32x)
      Ion/e ratio: 0.15x (target: 4.5x)
      Saved to: optimization_results_ch_focused_v4/best_iteration_0000_f790.6.json

  [210 evaluations, 1.3 min elapsed]
  [220 evaluations, 1.4 min elapsed]
  [230 evaluations, 1.4 min elapsed]
  [240 evaluations, 1.5 min elapsed]

  *** NEW BEST: f(x) = 790.56 at evaluation 249
      H: 2.09e+13 (target: 5.18e+13, ratio: 0.40x)
      CH: 5.30e+09 (target: 1.00e+09, ratio: 5.30x)
      C2: 4.21e+10 (target: 1.30e+11, ratio: 0.32x)
      Ion/e ratio: 0.15x (target: 4.5x)
      Saved to: optimization_results_ch_focused_v4/best_iteration_0000_f790.6.json

  [250 evaluations, 1.6 min elapsed]
  [260 evaluations, 1.6 min elapsed]
  [270 evaluations, 1.7 min elapsed]
  [280 evaluations, 1.7 min elapsed]
  [290 evaluations, 1.8 min elapsed]
  [300 evaluations, 1.9 min elapsed]
  [310 evaluations, 1.9 min elapsed]
  [320 evaluations, 2.0 min elapsed]
  [330 evaluations, 2.0 min elapsed]
  [340 evaluations, 2.1 min elapsed]
  [350 evaluations, 2.1 min elapsed]
  [360 evaluations, 2.2 min elapsed]
  [370 evaluations, 2.3 min elapsed]
  [380 evaluations, 2.3 min elapsed]
  [390 evaluations, 2.4 min elapsed]
  [400 evaluations, 2.4 min elapsed]
  [410 evaluations, 2.5 min elapsed]
  [420 evaluations, 2.6 min elapsed]
  [430 evaluations, 2.6 min elapsed]
  [440 evaluations, 2.7 min elapsed]
  [450 evaluations, 2.7 min elapsed]
  [460 evaluations, 2.8 min elapsed]
  [470 evaluations, 2.8 min elapsed]
  [480 evaluations, 2.9 min elapsed]
  [490 evaluations, 3.0 min elapsed]
  [500 evaluations, 3.0 min elapsed]
  [510 evaluations, 3.1 min elapsed]
  [520 evaluations, 3.1 min elapsed]
  [530 evaluations, 3.2 min elapsed]
  [540 evaluations, 3.3 min elapsed]
  [550 evaluations, 3.3 min elapsed]
  [560 evaluations, 3.4 min elapsed]
  [570 evaluations, 3.4 min elapsed]
  [580 evaluations, 3.5 min elapsed]
  [590 evaluations, 3.5 min elapsed]
  [600 evaluations, 3.6 min elapsed]
  [610 evaluations, 3.7 min elapsed]
  [620 evaluations, 3.7 min elapsed]
  [630 evaluations, 3.8 min elapsed]
  [640 evaluations, 3.8 min elapsed]
  [650 evaluations, 3.9 min elapsed]
  [660 evaluations, 3.9 min elapsed]
  [670 evaluations, 4.0 min elapsed]
  [680 evaluations, 4.1 min elapsed]
  [690 evaluations, 4.1 min elapsed]
  [700 evaluations, 4.2 min elapsed]
  [710 evaluations, 4.2 min elapsed]
  [720 evaluations, 4.3 min elapsed]
  [730 evaluations, 4.4 min elapsed]
  [740 evaluations, 4.4 min elapsed]
  [750 evaluations, 4.5 min elapsed]
  [760 evaluations, 4.5 min elapsed]
  [770 evaluations, 4.6 min elapsed]
  [780 evaluations, 4.7 min elapsed]
  [790 evaluations, 4.7 min elapsed]
  [800 evaluations, 4.8 min elapsed]
  [810 evaluations, 4.8 min elapsed]
  [820 evaluations, 4.9 min elapsed]
  [830 evaluations, 4.9 min elapsed]
  [840 evaluations, 5.0 min elapsed]
  [850 evaluations, 5.1 min elapsed]
  [860 evaluations, 5.1 min elapsed]
  [870 evaluations, 5.2 min elapsed]
  [880 evaluations, 5.2 min elapsed]
  [890 evaluations, 5.3 min elapsed]
  [900 evaluations, 5.4 min elapsed]
  [910 evaluations, 5.4 min elapsed]
  [920 evaluations, 5.5 min elapsed]
  [930 evaluations, 5.5 min elapsed]

  *** NEW BEST: f(x) = 790.56 at evaluation 935
      H: 2.09e+13 (target: 5.18e+13, ratio: 0.40x)
      CH: 5.30e+09 (target: 1.00e+09, ratio: 5.30x)
      C2: 4.21e+10 (target: 1.30e+11, ratio: 0.32x)
      Ion/e ratio: 0.15x (target: 4.5x)
      Saved to: optimization_results_ch_focused_v4/best_iteration_0000_f790.6.json

  [940 evaluations, 5.6 min elapsed]
  [950 evaluations, 5.6 min elapsed]
  [960 evaluations, 5.7 min elapsed]
  [970 evaluations, 5.8 min elapsed]

================================================================================
 OPTIMIZATION COMPLETE (5.8 minutes)
================================================================================

Final objective: 790.556079
Iterations: 15
Evaluations: 978

✓ Final parameters saved to optimization_results_ch_focused_v4/FINAL_RESULT.json
✓ Best result logs saved to optimization_results_ch_focused_v4/best_iteration_*.json

Use these logs to analyze optimal parameter combinations.
