================================================================================
 V7a OPTIMIZATION - PURE SPECIES FOCUS (NO CHARGE BALANCE)
================================================================================

STRATEGY:
  ✓ NO charge balance penalty (CHARGE_WEIGHT = 0)
  ✓ 100% focus on H, CH, C2 targets
  ✓ New reactions: ArH+ + e, e + CH4 → CH3 + H⁻
  ✓ Expanded tuning: 150+ reactions (primary+secondary+tertiary)
  ✓ 25 iterations for convergence

Expected: Best species accuracy, likely poor charge balance

Selecting tunable rates...
  V7a selection: 123 rates

Optimization parameters: 125 total
  Tunable rates: 123

================================================================================
 Running V7a Optimization (25 iterations, pop=6)
================================================================================

  *** NEW BEST: f(x) = 48974.86 at evaluation 1
      H: 3.66e+13 (target: 5.18e+13, ratio: 0.71x)
      CH: 4.14e+10 (target: 1.00e+09, ratio: 41.40x)
      C2: 1.24e+11 (target: 1.30e+11, ratio: 0.95x)
      Ion/e: 0.32x (not penalized, for info only)
      Saved to: optimization_results_v7a_pure_species/best_iteration_0000_f48974.9.json


  *** NEW BEST: f(x) = 10824.00 at evaluation 2
      H: 2.51e+13 (target: 5.18e+13, ratio: 0.49x)
      CH: 2.00e+10 (target: 1.00e+09, ratio: 19.99x)
      C2: 2.77e+11 (target: 1.30e+11, ratio: 2.13x)
      Ion/e: 0.35x (not penalized, for info only)
      Saved to: optimization_results_v7a_pure_species/best_iteration_0000_f10824.0.json

  [10 evaluations, 0.1 min elapsed]

  *** NEW BEST: f(x) = 9328.09 at evaluation 13
      H: 2.16e+13 (target: 5.18e+13, ratio: 0.42x)
      CH: 1.86e+10 (target: 1.00e+09, ratio: 18.63x)
      C2: 1.41e+11 (target: 1.30e+11, ratio: 1.09x)
      Ion/e: 0.19x (not penalized, for info only)
      Saved to: optimization_results_v7a_pure_species/best_iteration_0000_f9328.1.json


  *** NEW BEST: f(x) = 6315.49 at evaluation 19
      H: 2.23e+13 (target: 5.18e+13, ratio: 0.43x)
      CH: 1.55e+10 (target: 1.00e+09, ratio: 15.51x)
      C2: 1.31e+11 (target: 1.30e+11, ratio: 1.01x)
      Ion/e: 0.44x (not penalized, for info only)
      Saved to: optimization_results_v7a_pure_species/best_iteration_0000_f6315.5.json

  [20 evaluations, 0.1 min elapsed]

  *** NEW BEST: f(x) = 5981.22 at evaluation 24
      H: 2.36e+13 (target: 5.18e+13, ratio: 0.46x)
      CH: 1.51e+10 (target: 1.00e+09, ratio: 15.12x)
      C2: 1.82e+11 (target: 1.30e+11, ratio: 1.40x)
      Ion/e: 4.11x (not penalized, for info only)
      Saved to: optimization_results_v7a_pure_species/best_iteration_0000_f5981.2.json

  [30 evaluations, 0.2 min elapsed]
  [40 evaluations, 0.3 min elapsed]
  [50 evaluations, 0.3 min elapsed]
  [60 evaluations, 0.4 min elapsed]

  *** NEW BEST: f(x) = 4203.36 at evaluation 69
      H: 2.15e+13 (target: 5.18e+13, ratio: 0.42x)
      CH: 1.28e+10 (target: 1.00e+09, ratio: 12.84x)
      C2: 8.75e+10 (target: 1.30e+11, ratio: 0.67x)
      Ion/e: 1.79x (not penalized, for info only)
      Saved to: optimization_results_v7a_pure_species/best_iteration_0000_f4203.4.json

  [70 evaluations, 0.4 min elapsed]
  [80 evaluations, 0.5 min elapsed]
  [90 evaluations, 0.6 min elapsed]
  [100 evaluations, 0.6 min elapsed]
  [110 evaluations, 0.7 min elapsed]
  [120 evaluations, 0.7 min elapsed]
  [130 evaluations, 0.8 min elapsed]
  [140 evaluations, 0.9 min elapsed]
  [150 evaluations, 0.9 min elapsed]

  *** NEW BEST: f(x) = 3546.47 at evaluation 151
      H: 2.53e+13 (target: 5.18e+13, ratio: 0.49x)
      CH: 1.19e+10 (target: 1.00e+09, ratio: 11.87x)
      C2: 1.04e+11 (target: 1.30e+11, ratio: 0.80x)
      Ion/e: 0.22x (not penalized, for info only)
      Saved to: optimization_results_v7a_pure_species/best_iteration_0000_f3546.5.json

  [160 evaluations, 1.0 min elapsed]
  [170 evaluations, 1.0 min elapsed]
  [180 evaluations, 1.1 min elapsed]
  [190 evaluations, 1.2 min elapsed]
  [200 evaluations, 1.2 min elapsed]
  [210 evaluations, 1.3 min elapsed]
  [220 evaluations, 1.3 min elapsed]
  [230 evaluations, 1.4 min elapsed]
  [240 evaluations, 1.5 min elapsed]
  [250 evaluations, 1.5 min elapsed]
  [260 evaluations, 1.6 min elapsed]
  [270 evaluations, 1.6 min elapsed]
  [280 evaluations, 1.7 min elapsed]
  [290 evaluations, 1.8 min elapsed]
  [300 evaluations, 1.8 min elapsed]
  [310 evaluations, 1.9 min elapsed]
  [320 evaluations, 1.9 min elapsed]
  [330 evaluations, 2.0 min elapsed]
  [340 evaluations, 2.1 min elapsed]
  [350 evaluations, 2.1 min elapsed]
  [360 evaluations, 2.2 min elapsed]
  [370 evaluations, 2.2 min elapsed]
  [380 evaluations, 2.3 min elapsed]
  [390 evaluations, 2.4 min elapsed]
  [400 evaluations, 2.4 min elapsed]
  [410 evaluations, 2.5 min elapsed]
  [420 evaluations, 2.5 min elapsed]
  [430 evaluations, 2.6 min elapsed]
  [440 evaluations, 2.7 min elapsed]
  [450 evaluations, 2.7 min elapsed]
  [460 evaluations, 2.8 min elapsed]
  [470 evaluations, 2.8 min elapsed]
  [480 evaluations, 2.9 min elapsed]
  [490 evaluations, 3.0 min elapsed]
  [500 evaluations, 3.0 min elapsed]
  [510 evaluations, 3.1 min elapsed]
  [520 evaluations, 3.1 min elapsed]
  [530 evaluations, 3.2 min elapsed]
  [540 evaluations, 3.3 min elapsed]
  [550 evaluations, 3.3 min elapsed]
  [560 evaluations, 3.4 min elapsed]
  [570 evaluations, 3.4 min elapsed]
  [580 evaluations, 3.5 min elapsed]
  [590 evaluations, 3.6 min elapsed]
  [600 evaluations, 3.6 min elapsed]
  [610 evaluations, 3.7 min elapsed]
  [620 evaluations, 3.7 min elapsed]
  [630 evaluations, 3.8 min elapsed]
  [640 evaluations, 3.9 min elapsed]
  [650 evaluations, 3.9 min elapsed]
  [660 evaluations, 4.0 min elapsed]
  [670 evaluations, 4.0 min elapsed]
  [680 evaluations, 4.1 min elapsed]
  [690 evaluations, 4.2 min elapsed]
  [700 evaluations, 4.2 min elapsed]
  [710 evaluations, 4.3 min elapsed]
  [720 evaluations, 4.3 min elapsed]
  [730 evaluations, 4.4 min elapsed]
  [740 evaluations, 4.4 min elapsed]
  [750 evaluations, 4.5 min elapsed]
  [760 evaluations, 4.6 min elapsed]
  [770 evaluations, 4.6 min elapsed]
  [780 evaluations, 4.7 min elapsed]
  [790 evaluations, 4.8 min elapsed]
  [800 evaluations, 4.8 min elapsed]
  [810 evaluations, 4.9 min elapsed]
  [820 evaluations, 4.9 min elapsed]
  [830 evaluations, 5.0 min elapsed]
  [840 evaluations, 5.1 min elapsed]
  [850 evaluations, 5.1 min elapsed]

  *** NEW BEST: f(x) = 3197.72 at evaluation 850
      H: 2.16e+13 (target: 5.18e+13, ratio: 0.42x)
      CH: 1.13e+10 (target: 1.00e+09, ratio: 11.32x)
      C2: 9.81e+10 (target: 1.30e+11, ratio: 0.75x)
      Ion/e: 0.38x (not penalized, for info only)
      Saved to: optimization_results_v7a_pure_species/best_iteration_0000_f3197.7.json

  [860 evaluations, 5.2 min elapsed]
  [870 evaluations, 5.2 min elapsed]
  [880 evaluations, 5.3 min elapsed]
  [890 evaluations, 5.4 min elapsed]
  [900 evaluations, 5.4 min elapsed]
  [910 evaluations, 5.5 min elapsed]
  [920 evaluations, 5.6 min elapsed]
  [930 evaluations, 5.6 min elapsed]
  [940 evaluations, 5.7 min elapsed]
  [950 evaluations, 5.7 min elapsed]
  [960 evaluations, 5.8 min elapsed]
  [970 evaluations, 5.9 min elapsed]
  [980 evaluations, 5.9 min elapsed]
  [990 evaluations, 6.0 min elapsed]
  [1000 evaluations, 6.0 min elapsed]
  [1010 evaluations, 6.1 min elapsed]
  [1020 evaluations, 6.2 min elapsed]
  [1030 evaluations, 6.2 min elapsed]
  [1040 evaluations, 6.3 min elapsed]
  [1050 evaluations, 6.3 min elapsed]
  [1060 evaluations, 6.4 min elapsed]
