================================================================================
 V7b OPTIMIZATION - BALANCED SPECIES + CHARGE
================================================================================

STRATEGY:
  ✓ BALANCED charge balance penalty (CHARGE_WEIGHT = 150)
  ✓ Trade-off between H, CH, C2 targets AND charge neutrality
  ✓ New reactions: ArH+ + e, e + CH4 → CH3 + H⁻
  ✓ Expanded tuning: 150+ reactions (primary+secondary+tertiary)
  ✓ 25 iterations for convergence

Expected: Good species accuracy + improved charge balance

Selecting tunable rates...
  V7a selection: 123 rates

Optimization parameters: 125 total
  Tunable rates: 123

================================================================================
 Running V7b Optimization (25 iterations, pop=6)
================================================================================

  *** NEW BEST: f(x) = 49114.32 at evaluation 1
      H: 3.66e+13 (target: 5.18e+13, ratio: 0.71x)
      CH: 4.14e+10 (target: 1.00e+09, ratio: 41.40x)
      C2: 1.24e+11 (target: 1.30e+11, ratio: 0.95x)
      Ion/e: 0.32x (target: 4.5x, weight: 150.0)
      Saved to: optimization_results_v7b_balanced/best_iteration_0000_f49114.3.json


  *** NEW BEST: f(x) = 10962.34 at evaluation 2
      H: 2.51e+13 (target: 5.18e+13, ratio: 0.49x)
      CH: 2.00e+10 (target: 1.00e+09, ratio: 19.99x)
      C2: 2.77e+11 (target: 1.30e+11, ratio: 2.13x)
      Ion/e: 0.35x (target: 4.5x, weight: 150.0)
      Saved to: optimization_results_v7b_balanced/best_iteration_0000_f10962.3.json

  [10 evaluations, 0.1 min elapsed]

  *** NEW BEST: f(x) = 9471.84 at evaluation 13
      H: 2.16e+13 (target: 5.18e+13, ratio: 0.42x)
      CH: 1.86e+10 (target: 1.00e+09, ratio: 18.63x)
      C2: 1.41e+11 (target: 1.30e+11, ratio: 1.09x)
      Ion/e: 0.19x (target: 4.5x, weight: 150.0)
      Saved to: optimization_results_v7b_balanced/best_iteration_0000_f9471.8.json


  *** NEW BEST: f(x) = 6450.73 at evaluation 19
      H: 2.23e+13 (target: 5.18e+13, ratio: 0.43x)
      CH: 1.55e+10 (target: 1.00e+09, ratio: 15.51x)
      C2: 1.31e+11 (target: 1.30e+11, ratio: 1.01x)
      Ion/e: 0.44x (target: 4.5x, weight: 150.0)
      Saved to: optimization_results_v7b_balanced/best_iteration_0000_f6450.7.json

  [20 evaluations, 0.1 min elapsed]

  *** NEW BEST: f(x) = 5994.12 at evaluation 24
      H: 2.36e+13 (target: 5.18e+13, ratio: 0.46x)
      CH: 1.51e+10 (target: 1.00e+09, ratio: 15.12x)
      C2: 1.82e+11 (target: 1.30e+11, ratio: 1.40x)
      Ion/e: 4.11x (target: 4.5x, weight: 150.0)
      Saved to: optimization_results_v7b_balanced/best_iteration_0000_f5994.1.json

  [30 evaluations, 0.2 min elapsed]
  [40 evaluations, 0.3 min elapsed]
  [50 evaluations, 0.3 min elapsed]
  [60 evaluations, 0.4 min elapsed]

  *** NEW BEST: f(x) = 4293.78 at evaluation 69
      H: 2.15e+13 (target: 5.18e+13, ratio: 0.42x)
      CH: 1.28e+10 (target: 1.00e+09, ratio: 12.84x)
      C2: 8.75e+10 (target: 1.30e+11, ratio: 0.67x)
      Ion/e: 1.79x (target: 4.5x, weight: 150.0)
      Saved to: optimization_results_v7b_balanced/best_iteration_0000_f4293.8.json

  [70 evaluations, 0.4 min elapsed]
  [80 evaluations, 0.5 min elapsed]
  [90 evaluations, 0.6 min elapsed]
  [100 evaluations, 0.6 min elapsed]
  [110 evaluations, 0.7 min elapsed]
  [120 evaluations, 0.7 min elapsed]
  [130 evaluations, 0.8 min elapsed]
  [140 evaluations, 0.9 min elapsed]
